SF:src\business\services\data_analysis_service.py
DA:10,0
DA:11,0
DA:12,0
DA:14,0
DA:15,0
DA:17,0
DA:20,0
DA:27,0
DA:29,0
DA:30,0
DA:31,0
DA:33,0
DA:43,0
DA:44,0
DA:45,0
DA:46,0
DA:48,0
DA:49,0
DA:50,0
DA:51,0
DA:52,0
DA:53,0
DA:54,0
DA:56,0
DA:66,0
DA:67,0
DA:68,0
DA:69,0
DA:71,0
DA:72,0
DA:73,0
DA:74,0
DA:75,0
DA:76,0
DA:77,0
DA:79,0
DA:89,0
DA:90,0
DA:92,0
DA:93,0
DA:94,0
DA:97,0
DA:99,0
DA:100,0
DA:101,0
DA:102,0
DA:103,0
DA:105,0
DA:106,0
DA:107,0
DA:108,0
DA:109,0
DA:110,0
DA:111,0
DA:112,0
DA:113,0
DA:114,0
DA:115,0
DA:116,0
DA:118,0
DA:119,0
DA:121,0
DA:122,0
DA:123,0
DA:125,0
DA:126,0
DA:127,0
DA:129,0
DA:139,0
DA:140,0
DA:142,0
DA:143,0
DA:145,0
DA:153,0
DA:154,0
DA:155,0
DA:157,0
DA:164,0
DA:165,0
DA:167,0
DA:168,0
DA:171,0
DA:172,0
DA:173,0
DA:176,0
DA:177,0
DA:179,0
DA:180,0
DA:181,0
DA:182,0
DA:183,0
DA:194,0
DA:196,0
DA:199,0
DA:200,0
DA:202,0
DA:203,0
DA:204,0
DA:205,0
DA:206,0
DA:213,0
DA:215,0
DA:218,0
DA:219,0
DA:220,0
DA:221,0
DA:222,0
DA:228,0
DA:230,0
DA:231,0
DA:232,0
DA:234,0
DA:235,0
DA:236,0
DA:238,0
DA:248,0
DA:249,0
DA:251,0
DA:253,0
DA:264,0
DA:265,0
DA:267,0
DA:268,0
DA:269,0
DA:271,0
DA:277,0
DA:278,0
DA:279,0
DA:280,0
DA:283,0
DA:284,0
DA:285,0
DA:287,0
DA:289,0
DA:290,0
DA:291,0
DA:293,0
DA:300,0
DA:302,0
DA:304,0
DA:305,0
DA:306,0
DA:310,0
DA:313,0
DA:321,0
DA:322,0
DA:323,0
DA:326,0
DA:329,0
LF:149
LH:0
FN:27,31,DataAnalysisService.__init__
FNDA:0,DataAnalysisService.__init__
FN:33,54,DataAnalysisService.load_from_dataframe
FNDA:0,DataAnalysisService.load_from_dataframe
FN:56,77,DataAnalysisService.load_from_dict_list
FNDA:0,DataAnalysisService.load_from_dict_list
FN:79,127,DataAnalysisService.load_from_file
FNDA:0,DataAnalysisService.load_from_file
FN:129,155,DataAnalysisService.get_data_preview
FNDA:0,DataAnalysisService.get_data_preview
FN:157,236,DataAnalysisService.calculate_statistics
FNDA:0,DataAnalysisService.calculate_statistics
FN:238,251,DataAnalysisService.get_column_data
FNDA:0,DataAnalysisService.get_column_data
FN:253,291,DataAnalysisService.get_chart_data
FNDA:0,DataAnalysisService.get_chart_data
FN:293,300,DataAnalysisService.get_dataframe
FNDA:0,DataAnalysisService.get_dataframe
FN:302,306,DataAnalysisService.clear
FNDA:0,DataAnalysisService.clear
FN:313,323,get_data_analysis_service
FNDA:0,get_data_analysis_service
FN:326,329,reset_data_analysis_service
FNDA:0,reset_data_analysis_service
FNF:12
FNH:0
BRDA:44,0,jump to line 45,-
BRDA:44,0,jump to line 48,-
BRDA:67,0,jump to line 68,-
BRDA:67,0,jump to line 71,-
BRDA:92,0,jump to line 93,-
BRDA:92,0,jump to line 97,-
BRDA:99,0,jump to line 100,-
BRDA:99,0,jump to line 101,-
BRDA:101,0,jump to line 102,-
BRDA:101,0,jump to line 103,-
BRDA:103,0,jump to line 105,-
BRDA:103,0,jump to line 118,-
BRDA:139,0,jump to line 140,-
BRDA:139,0,jump to line 142,-
BRDA:164,0,jump to line 165,-
BRDA:164,0,jump to line 167,-
BRDA:179,0,jump to line 180,-
BRDA:179,0,jump to line 199,-
BRDA:181,0,jump to line 182,-
BRDA:181,0,jump to line 196,-
BRDA:202,0,jump to line 203,-
BRDA:202,0,jump to line 218,-
BRDA:204,0,jump to line 205,-
BRDA:204,0,jump to line 215,-
BRDA:219,0,jump to line 220,-
BRDA:219,0,jump to line 228,-
BRDA:221,0,jump to line 219,-
BRDA:221,0,jump to line 222,-
BRDA:248,0,jump to line 249,-
BRDA:248,0,jump to line 251,-
BRDA:264,0,jump to line 265,-
BRDA:264,0,jump to line 267,-
BRDA:268,0,jump to line 269,-
BRDA:268,0,jump to line 271,-
BRDA:277,0,jump to line 278,-
BRDA:277,0,jump to line 283,-
BRDA:278,0,jump to line 279,-
BRDA:278,0,jump to line 280,-
BRDA:321,0,jump to line 322,-
BRDA:321,0,jump to line 323,-
BRF:40
BRH:0
end_of_record
SF:src\business\services\data_service.py
DA:9,0
DA:10,0
DA:11,0
DA:13,0
DA:14,0
DA:16,0
DA:19,0
DA:24,0
DA:28,0
DA:29,0
DA:31,0
DA:44,0
DA:45,0
DA:46,0
DA:47,0
DA:48,0
DA:49,0
DA:50,0
DA:51,0
DA:52,0
DA:53,0
DA:54,0
DA:55,0
DA:56,0
DA:58,0
DA:69,0
DA:70,0
DA:71,0
DA:72,0
DA:73,0
DA:74,0
DA:75,0
DA:76,0
DA:77,0
DA:78,0
DA:79,0
DA:80,0
DA:81,0
DA:83,0
DA:90,0
DA:91,0
DA:92,0
DA:94,0
DA:95,0
DA:96,0
DA:97,0
DA:98,0
DA:99,0
DA:100,0
DA:102,0
DA:103,0
DA:104,0
DA:105,0
DA:106,0
DA:107,0
DA:108,0
DA:112,0
DA:115,0
DA:122,0
LF:59
LH:0
FN:24,29,DataService.__init__
FNDA:0,DataService.__init__
FN:31,56,DataService.get_data
FNDA:0,DataService.get_data
FN:58,81,DataService.save_data
FNDA:0,DataService.save_data
FN:83,108,DataService.test_connection
FNDA:0,DataService.test_connection
FN:115,122,get_data_service
FNDA:0,get_data_service
FNF:5
FNH:0
BRDA:47,0,jump to line 48,-
BRDA:47,0,jump to line 49,-
BRDA:72,0,jump to line 73,-
BRDA:72,0,jump to line 74,-
BRDA:97,0,jump to line 98,-
BRDA:97,0,jump to line 102,-
BRF:6
BRH:0
end_of_record
SF:src\business\services\query_history_manager.py
DA:10,1
DA:11,1
DA:12,1
DA:13,1
DA:14,1
DA:15,1
DA:17,1
DA:20,1
DA:27,1
DA:35,1
DA:37,1
DA:38,1
DA:39,1
DA:40,1
DA:42,1
DA:44,1
DA:45,1
DA:46,1
DA:48,1
DA:50,1
DA:54,1
DA:55,1
DA:56,1
DA:57,1
DA:58,1
DA:60,0
DA:61,0
DA:62,1
DA:63,1
DA:64,1
DA:66,1
DA:70,1
DA:72,1
DA:74,1
DA:75,1
DA:77,1
DA:78,0
DA:79,0
DA:81,1
DA:100,1
DA:103,1
DA:104,1
DA:107,1
DA:117,1
DA:118,1
DA:120,1
DA:121,1
DA:124,1
DA:127,1
DA:128,1
DA:131,1
DA:133,1
DA:135,1
DA:145,1
DA:146,1
DA:147,1
DA:149,1
DA:160,1
DA:161,0
DA:163,1
DA:164,1
DA:165,1
DA:166,1
DA:167,1
DA:168,1
DA:170,1
DA:171,1
DA:173,1
DA:175,1
DA:179,1
DA:180,1
DA:181,1
DA:183,1
DA:193,1
DA:194,1
DA:195,1
DA:196,1
DA:197,1
DA:198,1
DA:199,1
DA:200,0
DA:201,0
DA:202,0
DA:204,1
DA:211,1
DA:213,1
DA:223,1
DA:224,1
DA:225,1
DA:226,1
DA:227,1
DA:230,1
DA:231,1
DA:232,1
DA:233,0
DA:234,0
DA:237,1
DA:240,1
DA:242,1
DA:246,1
DA:249,1
DA:257,1
DA:258,1
DA:259,1
DA:262,1
DA:267,1
LF:106
LH:96
FN:27,48,QueryHistoryManager.__init__
FNDA:1,QueryHistoryManager.__init__
FN:50,64,QueryHistoryManager._load_history
FNDA:1,QueryHistoryManager._load_history
FN:66,79,QueryHistoryManager._save_history
FNDA:1,QueryHistoryManager._save_history
FN:81,133,QueryHistoryManager.add_history
FNDA:1,QueryHistoryManager.add_history
FN:135,147,QueryHistoryManager.get_history
FNDA:1,QueryHistoryManager.get_history
FN:149,173,QueryHistoryManager.search_history
FNDA:1,QueryHistoryManager.search_history
FN:175,181,QueryHistoryManager.clear_history
FNDA:1,QueryHistoryManager.clear_history
FN:183,202,QueryHistoryManager.delete_history_entry
FNDA:1,QueryHistoryManager.delete_history_entry
FN:204,211,QueryHistoryManager.get_history_count
FNDA:1,QueryHistoryManager.get_history_count
FN:213,242,QueryHistoryManager.get_formatted_history_text
FNDA:1,QueryHistoryManager.get_formatted_history_text
FN:249,259,get_query_history_manager
FNDA:1,get_query_history_manager
FN:262,267,reset_query_history_manager
FNDA:1,reset_query_history_manager
FNF:12
FNH:12
BRDA:35,0,jump to line 37,1
BRDA:35,0,jump to line 42,1
BRDA:55,0,jump to line 56,1
BRDA:55,0,jump to line 60,0
BRDA:103,0,jump to line 104,1
BRDA:103,0,jump to line 107,1
BRDA:117,0,jump to line 118,1
BRDA:117,0,jump to line 124,1
BRDA:118,0,jump to line 117,1
BRDA:118,0,jump to line 120,1
BRDA:127,0,jump to line 128,1
BRDA:127,0,jump to line 131,1
BRDA:145,0,jump to line 146,1
BRDA:145,0,jump to line 147,1
BRDA:160,0,jump to line 161,0
BRDA:160,0,jump to line 163,1
BRDA:164,0,jump to line 165,1
BRDA:164,0,jump to line 173,1
BRDA:166,0,jump to line 167,1
BRDA:166,0,jump to line 170,1
BRDA:170,0,jump to line 164,1
BRDA:170,0,jump to line 171,1
BRDA:194,0,jump to line 195,1
BRDA:194,0,jump to line 199,1
BRDA:257,0,jump to line 258,1
BRDA:257,0,jump to line 259,1
BRF:26
BRH:24
end_of_record
SF:src\data\repositories\database_repository.py
DA:11,1
DA:12,1
DA:13,1
DA:14,1
DA:15,1
DA:16,1
DA:18,1
DA:19,1
DA:20,1
DA:25,1
DA:26,1
DA:31,1
DA:34,1
DA:41,1
DA:49,1
DA:50,1
DA:51,1
DA:52,1
DA:53,1
DA:56,1
DA:57,1
DA:59,1
DA:71,0
DA:73,0
DA:74,0
DA:76,0
DA:78,0
DA:79,0
DA:80,0
DA:83,0
DA:84,0
DA:85,0
DA:86,0
DA:87,0
DA:88,0
DA:91,0
DA:93,0
DA:94,0
DA:96,1
DA:103,0
DA:104,0
DA:105,0
DA:106,0
DA:108,0
DA:110,0
DA:111,0
DA:112,0
DA:113,0
DA:114,0
DA:115,0
DA:116,0
DA:117,0
DA:118,0
DA:119,0
DA:120,0
DA:121,0
DA:122,0
DA:123,0
DA:125,0
DA:126,0
DA:129,0
DA:130,0
DA:131,0
DA:133,1
DA:137,0
DA:138,0
DA:139,0
DA:140,0
DA:141,0
DA:142,0
DA:143,0
DA:144,0
DA:145,0
DA:146,0
DA:147,0
DA:148,0
DA:150,1
DA:162,0
DA:164,0
DA:165,0
DA:167,0
DA:168,0
DA:169,0
DA:171,1
DA:181,0
DA:183,0
DA:184,0
DA:185,0
DA:186,0
DA:187,0
DA:188,0
DA:190,0
DA:191,0
DA:192,0
DA:193,0
DA:194,0
DA:195,0
DA:196,0
DA:197,0
DA:199,1
DA:201,1
DA:202,1
DA:203,1
DA:204,0
DA:205,0
DA:206,0
DA:207,0
DA:209,1
DA:210,1
DA:211,1
DA:213,1
DA:223,0
DA:225,0
DA:226,0
DA:229,0
DA:230,0
DA:231,0
DA:232,0
DA:234,1
DA:241,0
DA:242,0
DA:244,0
DA:245,0
DA:247,0
DA:248,0
DA:250,0
DA:252,1
DA:259,0
DA:261,0
DA:262,0
DA:265,0
DA:266,0
DA:267,0
DA:268,0
DA:271,0
DA:272,0
DA:273,0
DA:274,0
DA:275,0
DA:276,0
DA:277,0
DA:278,0
DA:279,0
DA:280,0
DA:282,0
DA:283,0
DA:284,0
DA:285,0
DA:286,0
DA:288,0
DA:289,0
DA:291,0
DA:294,1
DA:302,1
DA:306,1
DA:307,1
DA:308,1
DA:310,1
DA:317,0
DA:318,0
DA:320,0
DA:321,0
DA:322,0
DA:323,0
DA:324,0
DA:325,0
DA:327,0
DA:336,0
DA:338,0
DA:346,0
DA:347,0
DA:348,0
DA:349,0
DA:358,1
DA:376,0
DA:377,0
DA:380,0
DA:381,0
DA:383,0
DA:384,0
DA:385,0
DA:390,0
DA:392,0
DA:393,0
DA:394,0
DA:395,0
DA:397,0
DA:398,0
DA:399,0
DA:404,0
DA:405,0
DA:408,0
DA:410,0
DA:412,0
DA:413,0
DA:414,0
DA:415,0
DA:416,0
DA:417,0
DA:419,0
DA:420,0
DA:422,0
DA:423,0
DA:426,0
DA:427,0
DA:429,0
DA:430,0
DA:431,0
DA:432,0
DA:434,0
DA:435,0
DA:436,0
DA:437,0
DA:438,0
DA:439,0
DA:440,0
DA:441,0
DA:442,0
DA:444,0
DA:445,0
DA:446,0
DA:447,0
DA:448,0
DA:449,0
DA:450,0
DA:451,0
DA:453,0
DA:454,0
DA:455,0
DA:456,0
DA:457,0
DA:458,0
DA:459,0
DA:460,0
DA:461,0
DA:462,0
DA:463,0
DA:470,0
DA:471,0
DA:472,0
DA:473,0
DA:475,0
DA:476,0
DA:477,0
DA:478,0
DA:479,0
DA:480,0
DA:481,0
DA:487,0
DA:488,0
DA:489,0
DA:490,0
DA:491,0
DA:493,0
DA:494,0
DA:495,0
DA:496,0
DA:497,0
DA:498,0
DA:505,0
DA:506,0
DA:507,0
DA:509,0
DA:510,0
DA:511,0
DA:512,0
DA:513,0
DA:514,0
DA:515,0
DA:516,0
DA:522,1
DA:538,0
DA:539,0
DA:542,0
DA:543,0
DA:545,0
DA:546,0
DA:547,0
DA:552,0
DA:554,0
DA:555,0
DA:556,0
DA:557,0
DA:559,0
DA:560,0
DA:561,0
DA:566,0
DA:567,0
DA:570,0
DA:572,0
DA:574,0
DA:575,0
DA:576,0
DA:577,0
DA:578,0
DA:579,0
DA:581,0
DA:582,0
DA:584,0
DA:585,0
DA:588,0
DA:589,0
DA:590,0
DA:591,0
DA:592,0
DA:593,0
DA:594,0
DA:595,0
DA:596,0
DA:597,0
DA:598,0
DA:599,0
DA:602,0
DA:603,0
DA:604,0
DA:605,0
DA:606,0
DA:607,0
DA:608,0
DA:609,0
DA:610,0
DA:611,0
DA:612,0
DA:613,0
DA:619,0
DA:620,0
DA:621,0
DA:623,0
DA:624,0
DA:625,0
DA:626,0
DA:627,0
DA:629,0
DA:630,0
DA:631,0
DA:632,0
DA:633,0
DA:634,0
DA:635,0
DA:636,0
DA:637,0
DA:644,0
DA:645,0
DA:646,0
DA:648,0
DA:649,0
DA:650,0
DA:651,0
DA:652,0
DA:653,0
DA:659,1
DA:675,0
DA:676,0
DA:677,0
DA:678,0
DA:679,0
DA:681,0
DA:682,0
DA:683,0
DA:684,0
DA:685,0
DA:686,0
DA:687,0
DA:693,1
DA:697,0
DA:701,1
DA:704,1
DA:711,0
LF:368
LH:48
FN:41,57,ConnectionPool.__init__
FNDA:1,ConnectionPool.__init__
FN:59,94,ConnectionPool.getConnection
FNDA:0,ConnectionPool.getConnection
FN:96,131,ConnectionPool.releaseConnection
FNDA:0,ConnectionPool.releaseConnection
FN:133,148,ConnectionPool.closeAllConnections
FNDA:0,ConnectionPool.closeAllConnections
FN:150,169,ConnectionPool._createConnection
FNDA:0,ConnectionPool._createConnection
FN:171,197,ConnectionPool._isConnectionValid
FNDA:0,ConnectionPool._isConnectionValid
FN:199,211,ConnectionPool._startCleanupThread
FNDA:1,ConnectionPool._startCleanupThread
FN:201,207,ConnectionPool._startCleanupThread.cleanupWorker
FNDA:1,ConnectionPool._startCleanupThread.cleanupWorker
FN:213,232,ConnectionPool._isConnectionHealthy
FNDA:0,ConnectionPool._isConnectionHealthy
FN:234,250,ConnectionPool._getExpiredConnections
FNDA:0,ConnectionPool._getExpiredConnections
FN:252,291,ConnectionPool.cleanupExpiredConnections
FNDA:0,ConnectionPool.cleanupExpiredConnections
FN:302,308,DatabaseRepository.__init__
FNDA:1,DatabaseRepository.__init__
FN:310,356,DatabaseRepository.getConnectionParams
FNDA:0,DatabaseRepository.getConnectionParams
FN:358,520,DatabaseRepository.executeQuery
FNDA:0,DatabaseRepository.executeQuery
FN:522,657,DatabaseRepository.executeNonQuery
FNDA:0,DatabaseRepository.executeNonQuery
FN:659,691,DatabaseRepository.executeScalar
FNDA:0,DatabaseRepository.executeScalar
FN:693,697,DatabaseRepository.close
FNDA:0,DatabaseRepository.close
FN:704,711,getDbRepository
FNDA:0,getDbRepository
FNF:18
FNH:4
BRDA:73,0,jump to line 74,-
BRDA:73,0,jump to line 83,-
BRDA:76,0,jump to line 73,-
BRDA:76,0,jump to line 78,-
BRDA:83,0,jump to line 84,-
BRDA:83,0,jump to line 93,-
BRDA:86,0,jump to line 87,-
BRDA:86,0,jump to line 93,-
BRDA:104,0,jump to line 105,-
BRDA:104,0,jump to the function exit,-
BRDA:106,0,jump to line 104,-
BRDA:106,0,jump to line 108,-
BRDA:108,0,jump to line 110,-
BRDA:108,0,jump to line 129,-
BRDA:112,0,jump to line 113,-
BRDA:112,0,jump to line 117,-
BRDA:117,0,jump to line 118,-
BRDA:117,0,jump to line 125,-
BRDA:138,0,jump to line 139,-
BRDA:138,0,jump to line 148,-
BRDA:141,0,jump to line 142,-
BRDA:141,0,jump to line 143,-
BRDA:143,0,jump to line 144,-
BRDA:143,0,jump to line 145,-
BRDA:183,0,jump to line 184,-
BRDA:183,0,jump to line 187,-
BRDA:187,0,jump to line 188,-
BRDA:187,0,jump to line 194,-
BRDA:190,0,jump to line 191,-
BRDA:190,0,jump to line 192,-
BRDA:192,0,jump to line 193,-
BRDA:192,0,jump to line 194,-
BRDA:225,0,jump to line 226,-
BRDA:225,0,jump to line 229,-
BRDA:244,0,jump to line 245,-
BRDA:244,0,jump to line 250,-
BRDA:247,0,jump to line 244,-
BRDA:247,0,jump to line 248,-
BRDA:265,0,jump to line 266,-
BRDA:265,0,jump to line 288,-
BRDA:271,0,jump to line 272,-
BRDA:271,0,jump to line 276,-
BRDA:276,0,jump to line 277,-
BRDA:276,0,jump to line 282,-
BRDA:288,0,jump to line 289,-
BRDA:288,0,jump to line 291,-
BRDA:383,0,jump to line 384,-
BRDA:383,0,jump to line 390,-
BRDA:397,0,jump to line 398,-
BRDA:397,0,jump to line 404,-
BRDA:413,0,jump to line 414,-
BRDA:413,0,jump to line 422,-
BRDA:415,0,jump to line 416,-
BRDA:415,0,jump to line 419,-
BRDA:427,0,jump to line 429,-
BRDA:427,0,jump to line 470,-
BRDA:434,0,jump to line 435,-
BRDA:434,0,jump to line 444,-
BRDA:436,0,jump to line 437,-
BRDA:436,0,jump to line 459,-
BRDA:438,0,jump to line 439,-
BRDA:438,0,jump to line 442,-
BRDA:446,0,jump to line 447,-
BRDA:446,0,jump to line 459,-
BRDA:447,0,jump to line 448,-
BRDA:447,0,jump to line 453,-
BRDA:450,0,jump to line 451,-
BRDA:450,0,jump to line 459,-
BRDA:453,0,jump to line 454,-
BRDA:453,0,jump to line 459,-
BRDA:454,0,jump to line 453,-
BRDA:454,0,jump to line 455,-
BRDA:456,0,jump to line 457,-
BRDA:456,0,jump to line 458,-
BRDA:475,0,jump to line 476,-
BRDA:475,0,jump to line 477,-
BRDA:487,0,jump to line 488,-
BRDA:487,0,jump to line 489,-
BRDA:545,0,jump to line 546,-
BRDA:545,0,jump to line 552,-
BRDA:559,0,jump to line 560,-
BRDA:559,0,jump to line 566,-
BRDA:575,0,jump to line 576,-
BRDA:575,0,jump to line 584,-
BRDA:577,0,jump to line 578,-
BRDA:577,0,jump to line 581,-
BRDA:589,0,jump to line 590,-
BRDA:589,0,jump to line 602,-
BRDA:592,0,jump to line 593,-
BRDA:592,0,jump to line 595,-
BRDA:629,0,jump to line 630,-
BRDA:629,0,jump to line 637,-
BRDA:677,0,jump to line 678,-
BRDA:677,0,jump to line 682,-
BRDA:679,0,jump to line 681,-
BRDA:679,0,jump to line 682,-
BRF:96
BRH:0
end_of_record
SF:src\data\repositories\driver_factory.py
DA:14,1
DA:15,1
DA:16,1
DA:17,1
DA:20,1
DA:21,1
DA:23,1
DA:25,1
DA:26,1
DA:29,1
DA:30,1
DA:31,1
DA:32,1
DA:33,0
DA:34,0
DA:35,1
DA:36,0
DA:37,0
DA:39,1
DA:42,1
DA:44,1
DA:45,1
DA:46,1
DA:49,1
DA:67,1
DA:68,1
DA:69,1
DA:71,1
DA:73,1
DA:74,1
DA:76,1
DA:77,1
DA:78,1
DA:79,1
DA:81,1
DA:83,1
DA:84,1
DA:86,1
DA:87,1
DA:91,1
DA:92,1
DA:94,1
DA:95,1
DA:97,1
DA:104,1
DA:105,1
DA:106,1
DA:107,1
DA:108,1
DA:109,1
DA:110,1
DA:111,0
DA:112,0
DA:115,0
DA:117,1
DA:127,1
DA:128,1
DA:129,1
DA:130,1
DA:131,0
DA:133,1
DA:147,1
DA:150,1
DA:153,1
DA:154,1
DA:155,1
DA:156,0
DA:160,1
DA:161,1
DA:162,0
DA:163,1
DA:164,0
DA:167,1
DA:168,0
DA:169,1
DA:170,0
DA:172,1
DA:173,1
DA:175,1
DA:182,1
DA:183,0
DA:184,0
DA:186,1
DA:187,1
DA:188,1
DA:189,0
DA:191,0
DA:192,0
DA:193,0
DA:195,0
DA:198,0
DA:199,0
DA:200,0
DA:201,0
DA:202,0
DA:203,0
DA:204,0
DA:206,0
DA:208,1
DA:209,1
DA:210,1
DA:211,1
DA:213,1
DA:220,1
DA:221,0
DA:222,0
DA:224,1
DA:225,1
DA:226,1
DA:228,0
DA:229,0
DA:231,0
DA:232,0
DA:234,1
DA:235,1
DA:236,1
DA:237,1
DA:239,1
DA:249,1
DA:250,1
DA:251,1
DA:252,1
DA:253,0
DA:255,1
DA:262,1
DA:264,1
DA:265,0
DA:267,1
DA:268,0
DA:270,1
DA:272,1
DA:293,0
DA:294,0
DA:296,0
DA:297,0
DA:298,0
DA:300,0
DA:301,0
DA:302,0
DA:303,0
DA:305,0
DA:306,0
DA:308,1
DA:321,0
DA:322,0
DA:323,0
DA:325,0
DA:326,0
DA:327,0
DA:328,0
DA:329,0
DA:330,0
DA:332,0
DA:335,0
DA:336,0
DA:337,0
DA:339,0
DA:346,0
DA:348,0
DA:349,0
DA:351,0
DA:352,0
DA:355,0
DA:356,0
DA:357,0
DA:359,0
DA:360,0
DA:367,0
DA:369,0
DA:370,0
DA:372,0
DA:373,0
DA:376,0
DA:377,0
DA:379,0
DA:386,0
DA:388,0
DA:389,0
DA:391,0
DA:392,0
DA:395,0
DA:396,0
DA:398,0
DA:405,0
DA:406,0
DA:408,0
DA:409,0
DA:411,0
DA:412,0
DA:414,0
DA:415,0
DA:417,1
DA:429,0
DA:430,0
DA:431,0
DA:433,0
DA:435,0
DA:436,0
DA:437,0
DA:438,0
DA:439,0
DA:440,0
DA:442,0
DA:445,0
DA:446,0
DA:452,0
DA:459,0
DA:460,0
DA:461,0
DA:463,0
DA:464,0
DA:465,0
DA:467,0
DA:468,0
DA:470,0
DA:471,0
DA:472,0
DA:475,0
DA:476,0
DA:478,0
DA:479,0
DA:480,0
DA:482,0
DA:483,0
DA:485,0
DA:486,0
DA:488,0
DA:489,0
DA:491,1
DA:498,1
DA:508,1
DA:511,1
DA:519,1
DA:520,1
DA:521,1
DA:524,1
DA:534,1
DA:536,1
DA:537,1
DA:538,1
DA:539,1
DA:540,0
DA:541,0
DA:543,1
DA:544,1
DA:547,1
DA:557,1
DA:559,1
DA:560,1
DA:561,1
DA:562,0
DA:563,0
LF:252
LH:116
FN:26,35,_get_config
FNDA:1,_get_config
FN:71,79,DatabaseDriverFactory.__new__
FNDA:1,DatabaseDriverFactory.__new__
FN:81,95,DatabaseDriverFactory.__init__
FNDA:1,DatabaseDriverFactory.__init__
FN:97,115,DatabaseDriverFactory._get_driver_priority_from_config
FNDA:1,DatabaseDriverFactory._get_driver_priority_from_config
FN:117,131,DatabaseDriverFactory._try_load_driver
FNDA:1,DatabaseDriverFactory._try_load_driver
FN:133,173,DatabaseDriverFactory.detect_available_driver
FNDA:1,DatabaseDriverFactory.detect_available_driver
FN:175,211,DatabaseDriverFactory._try_load_iris
FNDA:1,DatabaseDriverFactory._try_load_iris
FN:213,237,DatabaseDriverFactory._try_load_pyodbc
FNDA:1,DatabaseDriverFactory._try_load_pyodbc
FN:239,253,DatabaseDriverFactory.is_driver_available
FNDA:1,DatabaseDriverFactory.is_driver_available
FN:255,270,DatabaseDriverFactory.get_available_drivers
FNDA:1,DatabaseDriverFactory.get_available_drivers
FN:272,306,DatabaseDriverFactory.create_connection
FNDA:0,DatabaseDriverFactory.create_connection
FN:308,415,DatabaseDriverFactory._create_iris_connection
FNDA:0,DatabaseDriverFactory._create_iris_connection
FN:417,489,DatabaseDriverFactory._create_pyodbc_connection
FNDA:0,DatabaseDriverFactory._create_pyodbc_connection
FN:491,504,DatabaseDriverFactory.get_driver_info
FNDA:1,DatabaseDriverFactory.get_driver_info
FN:511,521,get_driver_factory
FNDA:1,get_driver_factory
FN:524,544,detect_available_driver
FNDA:1,detect_available_driver
FN:547,563,is_driver_available
FNDA:1,is_driver_available
FNF:17
FNH:14
BRDA:29,0,jump to line 30,1
BRDA:29,0,jump to line 35,1
BRDA:73,0,jump to line 74,1
BRDA:73,0,jump to line 79,1
BRDA:76,0,jump to line 77,1
BRDA:76,0,jump to line 79,0
BRDA:83,0,jump to line 84,1
BRDA:83,0,jump to line 86,1
BRDA:104,0,jump to line 105,1
BRDA:104,0,jump to line 115,0
BRDA:107,0,jump to line 108,1
BRDA:107,0,jump to line 115,0
BRDA:109,0,jump to line 110,1
BRDA:109,0,jump to line 115,0
BRDA:127,0,jump to line 128,1
BRDA:127,0,jump to line 129,1
BRDA:129,0,jump to line 130,1
BRDA:129,0,jump to line 131,0
BRDA:153,0,jump to line 154,1
BRDA:153,0,jump to line 160,1
BRDA:154,0,jump to line 155,1
BRDA:154,0,jump to line 160,0
BRDA:155,0,jump to line 156,0
BRDA:155,0,jump to line 160,1
BRDA:160,0,jump to line 161,1
BRDA:160,0,jump to line 167,1
BRDA:161,0,jump to line 162,0
BRDA:161,0,jump to line 163,1
BRDA:163,0,jump to line 160,1
BRDA:163,0,jump to line 164,0
BRDA:167,0,jump to line 168,0
BRDA:167,0,jump to line 169,1
BRDA:169,0,jump to line 170,0
BRDA:169,0,jump to line 172,1
BRDA:182,0,jump to line 183,0
BRDA:182,0,jump to line 186,1
BRDA:220,0,jump to line 221,0
BRDA:220,0,jump to line 224,1
BRDA:249,0,jump to line 250,1
BRDA:249,0,jump to line 251,1
BRDA:251,0,jump to line 252,1
BRDA:251,0,jump to line 253,0
BRDA:264,0,jump to line 265,0
BRDA:264,0,jump to line 267,1
BRDA:267,0,jump to line 268,0
BRDA:267,0,jump to line 270,1
BRDA:293,0,jump to line 294,-
BRDA:293,0,jump to line 296,-
BRDA:296,0,jump to line 297,-
BRDA:296,0,jump to line 300,-
BRDA:300,0,jump to line 301,-
BRDA:300,0,jump to line 302,-
BRDA:302,0,jump to line 303,-
BRDA:302,0,jump to line 305,-
BRDA:321,0,jump to line 322,-
BRDA:321,0,jump to line 325,-
BRDA:335,0,jump to line 336,-
BRDA:335,0,jump to line 355,-
BRDA:355,0,jump to line 356,-
BRDA:355,0,jump to line 414,-
BRDA:429,0,jump to line 430,-
BRDA:429,0,jump to line 433,-
BRDA:445,0,jump to line 446,-
BRDA:445,0,jump to line 452,-
BRDA:459,0,jump to line 460,-
BRDA:459,0,jump to line 475,-
BRDA:519,0,jump to line 520,1
BRDA:519,0,jump to line 521,1
BRDA:537,0,jump to line 538,1
BRDA:537,0,jump to line 543,1
BRF:70
BRH:34
end_of_record
SF:src\infrastructure\config\config_manager.py
DA:14,1
DA:15,1
DA:16,1
DA:17,1
DA:18,1
DA:19,1
DA:20,1
DA:22,1
DA:23,1
DA:30,1
DA:33,1
DA:38,1
DA:45,1
DA:46,1
DA:47,1
DA:48,1
DA:49,1
DA:50,1
DA:52,1
DA:57,1
DA:58,1
DA:59,1
DA:60,1
DA:61,1
DA:62,1
DA:63,1
DA:64,1
DA:65,0
DA:66,0
DA:67,0
DA:69,1
DA:70,1
DA:72,1
DA:76,1
DA:102,1
DA:104,1
DA:115,1
DA:116,1
DA:118,1
DA:119,1
DA:120,1
DA:121,1
DA:122,1
DA:123,1
DA:125,1
DA:136,1
DA:137,1
DA:138,1
DA:141,1
DA:142,1
DA:143,1
DA:144,1
DA:147,1
DA:148,1
DA:149,1
DA:150,0
DA:151,0
DA:152,0
DA:153,0
DA:154,0
DA:155,0
DA:156,0
DA:157,0
DA:158,0
DA:160,1
DA:173,1
DA:174,1
DA:176,1
DA:177,1
DA:178,0
DA:181,1
DA:184,1
DA:189,1
DA:191,1
DA:192,1
DA:193,1
DA:194,1
DA:197,1
DA:198,1
DA:201,1
DA:203,1
DA:204,1
DA:206,0
DA:208,0
DA:209,0
DA:210,0
DA:211,0
DA:213,0
DA:214,0
DA:215,0
DA:216,0
DA:217,0
DA:218,0
DA:219,0
DA:220,0
DA:221,0
DA:223,1
DA:230,1
DA:231,1
DA:232,1
DA:233,0
DA:234,0
DA:235,0
DA:239,1
DA:242,1
DA:249,1
LF:106
LH:76
FN:38,50,ConfigManager.__init__
FNDA:1,ConfigManager.__init__
FN:52,70,ConfigManager._load_config
FNDA:1,ConfigManager._load_config
FN:72,102,ConfigManager._load_default_config
FNDA:1,ConfigManager._load_default_config
FN:104,123,ConfigManager.get
FNDA:1,ConfigManager.get
FN:125,158,ConfigManager.set
FNDA:1,ConfigManager.set
FN:160,221,ConfigManager.save
FNDA:1,ConfigManager.save
FN:223,235,ConfigManager.reload
FNDA:1,ConfigManager.reload
FN:242,249,get_config_manager
FNDA:1,get_config_manager
FNF:8
FNH:8
BRDA:57,0,jump to line 58,1
BRDA:57,0,jump to line 69,1
BRDA:119,0,jump to line 120,1
BRDA:119,0,jump to line 121,1
BRDA:141,0,jump to line 142,1
BRDA:141,0,jump to line 147,1
BRDA:142,0,jump to line 143,1
BRDA:142,0,jump to line 144,1
BRDA:177,0,jump to line 178,0
BRDA:177,0,jump to line 181,1
BRDA:208,0,jump to line 209,-
BRDA:208,0,jump to line 210,-
BRF:12
BRH:9
end_of_record
SF:src\infrastructure\config\constants.py
DA:10,1
DA:13,1
DA:17,1
DA:18,1
DA:19,1
DA:20,1
DA:21,1
DA:24,1
DA:25,1
DA:28,1
DA:31,1
DA:32,1
DA:33,1
DA:36,1
DA:39,1
DA:40,1
DA:41,1
DA:42,1
DA:43,1
DA:44,1
DA:45,1
DA:47,1
DA:48,1
DA:50,0
DA:55,1
DA:56,1
DA:58,0
DA:59,0
DA:67,0
DA:70,1
DA:74,1
DA:77,1
DA:80,1
DA:83,1
DA:86,1
DA:89,1
DA:93,1
DA:97,1
DA:100,1
DA:103,1
DA:106,1
DA:107,1
DA:110,1
DA:111,1
DA:114,1
DA:118,1
DA:121,1
DA:124,1
DA:127,1
DA:130,1
DA:133,1
DA:136,1
DA:137,1
DA:138,1
DA:139,1
DA:140,1
DA:142,1
DA:143,1
DA:145,0
LF:59
LH:54
FN:48,53,DatabaseTypes.all_types
FNDA:0,DatabaseTypes.all_types
FN:56,67,DatabaseTypes.get_default_port
FNDA:0,DatabaseTypes.get_default_port
FN:143,152,ErrorMessages.get_connection_help
FNDA:0,ErrorMessages.get_connection_help
FNF:3
FNH:0
end_of_record
SF:src\infrastructure\config\ui_config.py
DA:16,1
DA:17,1
DA:18,1
DA:19,1
DA:20,1
DA:21,1
DA:22,1
DA:24,1
DA:26,1
DA:29,1
DA:30,1
DA:36,1
DA:39,1
DA:40,1
DA:42,1
DA:43,1
DA:44,1
DA:45,1
DA:46,1
DA:49,1
DA:50,1
DA:52,1
DA:53,1
DA:54,1
DA:55,1
DA:58,1
DA:59,1
DA:61,1
DA:62,1
DA:63,1
DA:64,1
DA:67,1
DA:68,1
DA:70,1
DA:71,1
DA:72,1
DA:73,1
DA:76,1
DA:89,1
DA:90,1
DA:91,1
DA:94,1
DA:96,1
DA:98,1
DA:99,1
DA:100,1
DA:101,1
DA:102,1
DA:104,1
DA:111,1
DA:112,1
DA:114,1
DA:115,1
DA:116,1
DA:119,1
DA:121,1
DA:122,1
DA:124,1
DA:130,1
DA:131,1
DA:132,1
DA:133,1
DA:134,1
DA:136,0
DA:137,0
DA:138,0
DA:139,0
DA:140,0
DA:141,0
DA:142,0
DA:143,0
DA:145,1
DA:152,0
DA:184,1
DA:193,1
DA:194,1
DA:195,1
DA:196,1
DA:197,1
DA:198,0
DA:199,0
DA:200,0
DA:202,1
DA:209,1
DA:210,1
DA:213,1
DA:214,1
DA:226,1
DA:228,1
DA:236,1
DA:243,1
DA:244,1
DA:246,1
DA:253,1
DA:260,1
DA:261,1
DA:263,1
DA:270,1
DA:277,1
DA:278,1
DA:280,1
DA:287,1
DA:294,1
DA:295,1
DA:297,1
DA:298,1
DA:299,1
DA:300,1
DA:301,0
DA:302,0
DA:304,1
DA:306,1
DA:317,1
DA:319,1
DA:320,0
DA:323,1
DA:324,1
DA:325,1
DA:327,0
DA:331,1
DA:332,1
DA:335,1
DA:347,1
DA:348,1
DA:349,1
DA:350,1
DA:352,1
DA:355,1
DA:362,0
DA:363,0
LF:130
LH:112
FN:96,102,UIConfig.__new__
FNDA:1,UIConfig.__new__
FN:104,122,UIConfig.__init__
FNDA:1,UIConfig.__init__
FN:124,143,UIConfig._load_config
FNDA:1,UIConfig._load_config
FN:145,182,UIConfig._get_default_config
FNDA:0,UIConfig._get_default_config
FN:184,200,UIConfig.reload_config
FNDA:1,UIConfig.reload_config
FN:202,234,UIConfig.get_scaling_config
FNDA:1,UIConfig.get_scaling_config
FN:236,251,UIConfig.get_database_config
FNDA:1,UIConfig.get_database_config
FN:253,268,UIConfig.get_ui_theme_config
FNDA:1,UIConfig.get_ui_theme_config
FN:270,285,UIConfig.get_logging_config
FNDA:1,UIConfig.get_logging_config
FN:287,304,UIConfig.get_driver_priority
FNDA:1,UIConfig.get_driver_priority
FN:306,327,UIConfig.get_scale_for_resolution
FNDA:1,UIConfig.get_scale_for_resolution
FN:335,352,get_ui_config
FNDA:1,get_ui_config
FN:355,363,reload_ui_config
FNDA:0,reload_ui_config
FNF:13
FNH:11
BRDA:98,0,jump to line 99,1
BRDA:98,0,jump to line 102,1
BRDA:100,0,jump to line 101,1
BRDA:100,0,jump to line 102,0
BRDA:111,0,jump to line 112,1
BRDA:111,0,jump to line 114,1
BRDA:131,0,jump to line 132,1
BRDA:131,0,jump to line 136,0
BRDA:297,0,jump to line 298,1
BRDA:297,0,jump to line 304,1
BRDA:319,0,jump to line 320,0
BRDA:319,0,jump to line 323,1
BRDA:323,0,jump to line 324,1
BRDA:323,0,jump to line 327,0
BRDA:324,0,jump to line 323,1
BRDA:324,0,jump to line 325,1
BRDA:347,0,jump to line 348,1
BRDA:347,0,jump to line 352,1
BRDA:349,0,jump to line 350,1
BRDA:349,0,jump to line 352,0
BRF:20
BRH:15
end_of_record
SF:src\infrastructure\config\unified_config_manager.py
DA:14,1
DA:15,1
DA:16,1
DA:17,1
DA:18,1
DA:19,1
DA:20,1
DA:21,1
DA:22,1
DA:24,1
DA:25,1
DA:27,1
DA:30,1
DA:32,1
DA:33,1
DA:34,1
DA:35,1
DA:38,1
DA:39,1
DA:43,1
DA:44,1
DA:45,1
DA:46,1
DA:49,1
DA:50,1
DA:59,1
DA:66,1
DA:67,1
DA:69,1
DA:81,0
DA:82,0
DA:83,0
DA:84,0
DA:85,0
DA:86,0
DA:87,0
DA:88,0
DA:89,0
DA:92,0
DA:95,0
DA:97,1
DA:98,1
DA:108,0
DA:109,0
DA:110,0
DA:111,0
DA:113,1
DA:120,0
DA:121,0
DA:122,0
DA:124,1
DA:131,0
DA:132,0
DA:134,1
DA:144,0
DA:145,0
DA:146,0
DA:148,0
DA:149,0
DA:152,0
DA:158,0
DA:160,0
DA:161,0
DA:163,1
DA:170,0
DA:172,1
DA:184,0
DA:186,1
DA:199,0
DA:201,0
DA:202,0
DA:204,0
DA:205,0
DA:206,0
DA:208,0
DA:211,0
DA:212,0
DA:213,0
DA:215,0
DA:216,0
DA:217,0
DA:219,0
DA:222,0
DA:224,0
DA:226,1
DA:241,0
DA:242,0
DA:243,0
DA:246,0
DA:248,0
DA:250,0
DA:251,0
DA:253,0
DA:254,0
DA:255,0
DA:256,0
DA:258,0
DA:261,0
DA:264,0
DA:266,0
DA:267,0
DA:269,1
DA:278,0
DA:280,1
DA:289,0
DA:291,1
DA:298,0
DA:299,0
DA:300,0
DA:302,0
DA:305,0
DA:307,1
DA:314,0
DA:315,0
DA:317,1
DA:324,0
DA:325,0
DA:326,0
DA:328,0
DA:329,0
DA:331,1
DA:342,0
DA:343,0
DA:345,0
DA:348,0
DA:349,0
DA:352,0
DA:353,0
DA:355,0
DA:357,1
DA:359,0
DA:360,0
DA:362,1
DA:364,0
DA:365,0
DA:367,0
DA:368,0
DA:369,0
DA:372,0
DA:373,0
DA:375,0
DA:378,0
DA:379,0
DA:384,0
DA:385,0
DA:387,0
DA:388,0
DA:389,0
DA:391,1
DA:401,0
DA:403,0
DA:404,0
DA:405,0
DA:407,0
DA:408,0
DA:409,0
DA:410,0
DA:411,0
DA:412,0
DA:414,1
DA:416,0
DA:417,0
DA:419,0
DA:420,0
DA:422,0
DA:423,0
DA:425,0
DA:426,0
DA:427,0
DA:429,1
DA:440,0
DA:442,0
DA:443,0
DA:444,0
DA:446,0
DA:448,0
DA:450,1
DA:458,0
DA:466,0
DA:469,0
DA:470,0
DA:472,1
DA:475,0
DA:482,0
DA:483,0
DA:484,0
DA:485,0
DA:486,0
DA:487,0
DA:489,1
DA:500,0
DA:502,0
DA:503,0
DA:505,0
DA:507,0
DA:509,1
DA:519,0
DA:520,0
DA:521,0
DA:522,0
DA:523,0
DA:525,0
DA:527,1
DA:537,0
DA:538,0
DA:539,0
DA:541,1
DA:551,0
DA:552,0
DA:553,0
DA:554,0
DA:555,0
DA:556,0
DA:557,0
DA:559,1
DA:570,0
DA:571,0
DA:572,0
DA:574,0
DA:575,0
DA:576,0
DA:578,0
DA:581,0
DA:582,0
DA:583,0
DA:585,0
DA:587,0
DA:588,0
DA:589,0
DA:593,1
DA:596,1
DA:606,0
DA:610,1
LF:233
LH:59
FN:69,95,UnifiedConfigManager.__init__
FNDA:0,UnifiedConfigManager.__init__
FN:98,111,UnifiedConfigManager.getInstance
FNDA:0,UnifiedConfigManager.getInstance
FN:113,122,UnifiedConfigManager.registerSchema
FNDA:0,UnifiedConfigManager.registerSchema
FN:124,132,UnifiedConfigManager.registerSchemas
FNDA:0,UnifiedConfigManager.registerSchemas
FN:134,161,UnifiedConfigManager.setEnvironment
FNDA:0,UnifiedConfigManager.setEnvironment
FN:163,170,UnifiedConfigManager.getEnvironment
FNDA:0,UnifiedConfigManager.getEnvironment
FN:172,184,UnifiedConfigManager.setEnvironmentOverride
FNDA:0,UnifiedConfigManager.setEnvironmentOverride
FN:186,224,UnifiedConfigManager.get
FNDA:0,UnifiedConfigManager.get
FN:226,267,UnifiedConfigManager.set
FNDA:0,UnifiedConfigManager.set
FN:269,278,UnifiedConfigManager.load
FNDA:0,UnifiedConfigManager.load
FN:280,289,UnifiedConfigManager.save
FNDA:0,UnifiedConfigManager.save
FN:291,305,UnifiedConfigManager.reloadConfig
FNDA:0,UnifiedConfigManager.reloadConfig
FN:307,315,UnifiedConfigManager.getAll
FNDA:0,UnifiedConfigManager.getAll
FN:317,329,UnifiedConfigManager.reset
FNDA:0,UnifiedConfigManager.reset
FN:331,355,UnifiedConfigManager.validateConfig
FNDA:0,UnifiedConfigManager.validateConfig
FN:357,360,UnifiedConfigManager._validateConfig
FNDA:0,UnifiedConfigManager._validateConfig
FN:362,389,UnifiedConfigManager._loadAllConfigs
FNDA:0,UnifiedConfigManager._loadAllConfigs
FN:391,412,UnifiedConfigManager._loadConfigFile
FNDA:0,UnifiedConfigManager._loadConfigFile
FN:414,427,UnifiedConfigManager._saveConfig
FNDA:0,UnifiedConfigManager._saveConfig
FN:429,448,UnifiedConfigManager._deepMerge
FNDA:0,UnifiedConfigManager._deepMerge
FN:450,470,UnifiedConfigManager._recordChange
FNDA:0,UnifiedConfigManager._recordChange
FN:472,487,UnifiedConfigManager._notifyChange
FNDA:0,UnifiedConfigManager._notifyChange
FN:489,507,UnifiedConfigManager.addChangeListener
FNDA:0,UnifiedConfigManager.addChangeListener
FN:509,525,UnifiedConfigManager.removeChangeListener
FNDA:0,UnifiedConfigManager.removeChangeListener
FN:527,539,UnifiedConfigManager.getChangeHistory
FNDA:0,UnifiedConfigManager.getChangeHistory
FN:541,557,UnifiedConfigManager.exportConfig
FNDA:0,UnifiedConfigManager.exportConfig
FN:559,589,UnifiedConfigManager.importConfig
FNDA:0,UnifiedConfigManager.importConfig
FN:596,606,getUnifiedConfigManager
FNDA:0,getUnifiedConfigManager
FNF:28
FNH:0
BRDA:109,0,jump to line 110,-
BRDA:109,0,jump to line 111,-
BRDA:131,0,jump to line 132,-
BRDA:131,0,return from function 'registerSchemas',-
BRDA:144,0,jump to line 145,-
BRDA:144,0,jump to line 148,-
BRDA:204,0,jump to line 205,-
BRDA:204,0,jump to line 211,-
BRDA:205,0,jump to line 206,-
BRDA:205,0,jump to line 208,-
BRDA:211,0,jump to line 212,-
BRDA:211,0,jump to line 224,-
BRDA:215,0,jump to line 216,-
BRDA:215,0,jump to line 222,-
BRDA:216,0,jump to line 217,-
BRDA:216,0,jump to line 219,-
BRDA:241,0,jump to line 242,-
BRDA:241,0,jump to line 246,-
BRDA:253,0,jump to line 254,-
BRDA:253,0,jump to line 258,-
BRDA:254,0,jump to line 255,-
BRDA:254,0,jump to line 256,-
BRDA:299,0,jump to line 300,-
BRDA:299,0,jump to line 305,-
BRDA:342,0,jump to line 343,-
BRDA:342,0,jump to line 345,-
BRDA:348,0,jump to line 349,-
BRDA:348,0,jump to line 352,-
BRDA:352,0,jump to line 353,-
BRDA:352,0,jump to line 355,-
BRDA:368,0,jump to line 369,-
BRDA:368,0,jump to line 372,-
BRDA:373,0,jump to line 375,-
BRDA:373,0,jump to line 378,-
BRDA:378,0,jump to line 379,-
BRDA:378,0,jump to line 384,-
BRDA:403,0,jump to line 404,-
BRDA:403,0,jump to line 407,-
BRDA:442,0,jump to line 443,-
BRDA:442,0,jump to line 448,-
BRDA:443,0,jump to line 444,-
BRDA:443,0,jump to line 446,-
BRDA:469,0,jump to line 470,-
BRDA:469,0,return from function '_recordChange',-
BRDA:482,0,jump to line 483,-
BRDA:482,0,return from function '_notifyChange',-
BRDA:483,0,jump to line 484,-
BRDA:483,0,return from function '_notifyChange',-
BRDA:502,0,jump to line 503,-
BRDA:502,0,jump to line 505,-
BRDA:519,0,jump to line 520,-
BRDA:519,0,jump to line 525,-
BRDA:520,0,jump to line 519,-
BRDA:520,0,jump to line 521,-
BRDA:521,0,jump to line 520,-
BRDA:521,0,jump to line 522,-
BRDA:537,0,jump to line 538,-
BRDA:537,0,jump to line 539,-
BRDA:575,0,jump to line 576,-
BRDA:575,0,jump to line 578,-
BRDA:581,0,jump to line 582,-
BRDA:581,0,jump to line 585,-
BRDA:582,0,jump to line 581,-
BRDA:582,0,jump to line 583,-
BRF:64
BRH:0
end_of_record
SF:src\infrastructure\di\container.py
DA:23,1
DA:24,1
DA:25,1
DA:26,1
DA:27,1
DA:28,1
DA:29,1
DA:31,1
DA:33,1
DA:36,1
DA:38,1
DA:39,1
DA:40,1
DA:43,1
DA:44,1
DA:48,1
DA:49,1
DA:50,1
DA:53,1
DA:66,1
DA:68,1
DA:69,1
DA:70,1
DA:71,1
DA:72,1
DA:74,1
DA:76,1
DA:100,1
DA:101,1
DA:106,1
DA:108,1
DA:110,1
DA:112,1
DA:127,1
DA:129,1
DA:144,1
DA:146,1
DA:161,1
DA:163,1
DA:174,1
DA:175,1
DA:181,1
DA:182,1
DA:184,1
DA:186,1
DA:188,1
DA:205,1
DA:206,1
DA:212,1
DA:214,1
DA:216,1
DA:218,1
DA:234,1
DA:235,1
DA:236,0
DA:237,0
DA:239,1
DA:241,1
DA:242,1
DA:243,0
DA:244,0
DA:246,1
DA:247,1
DA:250,1
DA:252,1
DA:253,1
DA:256,1
DA:257,1
DA:258,1
DA:259,1
DA:260,1
DA:261,1
DA:263,1
DA:264,1
DA:266,1
DA:267,1
DA:268,1
DA:271,1
DA:272,1
DA:274,1
DA:276,1
DA:278,1
DA:279,1
DA:280,1
DA:281,1
DA:282,1
DA:284,1
DA:286,1
DA:288,1
DA:290,1
DA:291,1
DA:293,1
DA:295,1
DA:296,1
DA:297,1
DA:298,1
DA:300,1
DA:302,1
DA:304,1
DA:307,1
DA:308,1
DA:311,1
DA:312,1
DA:315,0
DA:317,1
DA:320,1
DA:321,1
DA:322,1
DA:323,0
DA:325,0
DA:328,1
DA:331,1
DA:333,1
DA:334,1
DA:336,1
DA:339,1
DA:340,1
DA:343,1
DA:345,1
DA:346,1
DA:347,1
DA:348,0
DA:351,1
DA:352,1
DA:354,0
DA:355,0
DA:357,0
DA:358,0
DA:360,0
DA:363,1
DA:364,0
DA:367,1
DA:368,0
DA:371,1
DA:372,1
DA:373,1
DA:374,1
DA:376,1
DA:377,1
DA:378,1
DA:379,1
DA:381,0
DA:385,1
DA:386,1
DA:387,1
DA:389,0
DA:390,0
DA:392,1
DA:394,1
DA:395,1
DA:396,1
DA:397,0
DA:398,0
DA:400,1
DA:401,1
DA:402,0
DA:403,0
DA:405,0
DA:406,0
DA:407,0
DA:408,0
DA:409,0
DA:410,0
DA:412,1
DA:413,1
DA:414,0
DA:415,0
DA:417,1
DA:427,1
DA:429,1
DA:436,1
DA:437,1
DA:438,1
DA:439,1
DA:441,1
DA:443,0
DA:444,0
DA:445,0
DA:447,1
DA:457,1
DA:459,1
DA:466,1
DA:469,1
DA:482,1
DA:490,1
DA:491,1
DA:492,1
DA:494,1
DA:496,1
DA:498,1
DA:500,1
DA:502,1
DA:512,1
DA:513,1
DA:515,1
DA:517,1
DA:519,1
DA:520,1
DA:521,1
DA:522,1
DA:526,1
DA:527,1
DA:530,1
DA:539,1
DA:540,1
DA:541,1
DA:542,1
DA:543,1
DA:545,1
DA:548,1
DA:565,1
DA:566,1
DA:567,1
DA:571,1
DA:573,0
DA:576,1
DA:578,0
DA:581,1
DA:583,1
LF:219
LH:184
FN:66,74,DIContainer.__init__
FNDA:1,DIContainer.__init__
FN:76,110,DIContainer.register
FNDA:1,DIContainer.register
FN:112,127,DIContainer.register_singleton
FNDA:1,DIContainer.register_singleton
FN:129,144,DIContainer.register_transient
FNDA:1,DIContainer.register_transient
FN:146,161,DIContainer.register_scoped
FNDA:1,DIContainer.register_scoped
FN:163,186,DIContainer.register_instance
FNDA:1,DIContainer.register_instance
FN:188,216,DIContainer.register_factory
FNDA:1,DIContainer.register_factory
FN:218,272,DIContainer.resolve
FNDA:1,DIContainer.resolve
FN:274,284,DIContainer._get_singleton
FNDA:1,DIContainer._get_singleton
FN:286,300,DIContainer._get_scoped
FNDA:1,DIContainer._get_scoped
FN:302,315,DIContainer._create_instance
FNDA:1,DIContainer._create_instance
FN:317,390,DIContainer._create_class_instance
FNDA:1,DIContainer._create_class_instance
FN:392,415,DIContainer._invoke_with_injection
FNDA:1,DIContainer._invoke_with_injection
FN:417,427,DIContainer.create_scope
FNDA:1,DIContainer.create_scope
FN:429,439,DIContainer.clear_scope
FNDA:1,DIContainer.clear_scope
FN:441,445,DIContainer.clear_singletons
FNDA:0,DIContainer.clear_singletons
FN:447,457,DIContainer.is_registered
FNDA:1,DIContainer.is_registered
FN:459,466,DIContainer.get_registered_services
FNDA:1,DIContainer.get_registered_services
FN:482,492,Scope.__init__
FNDA:1,Scope.__init__
FN:494,496,Scope.__enter__
FNDA:1,Scope.__enter__
FN:498,500,Scope.__exit__
FNDA:1,Scope.__exit__
FN:502,515,Scope.resolve
FNDA:1,Scope.resolve
FN:517,522,Scope.dispose
FNDA:1,Scope.dispose
FN:530,545,get_container
FNDA:1,get_container
FN:548,567,configure_services
FNDA:1,configure_services
FN:571,573,register_singleton
FNDA:0,register_singleton
FN:576,578,register_transient
FNDA:0,register_transient
FN:581,583,resolve
FNDA:1,resolve
FNF:28
FNH:25
BRDA:235,0,jump to line 236,0
BRDA:235,0,jump to line 239,1
BRDA:242,0,jump to line 243,0
BRDA:242,0,jump to line 246,1
BRDA:246,0,jump to line 247,1
BRDA:246,0,jump to line 250,1
BRDA:256,0,jump to line 257,1
BRDA:256,0,jump to line 258,1
BRDA:258,0,jump to line 259,1
BRDA:258,0,jump to line 263,1
BRDA:259,0,jump to line 260,1
BRDA:259,0,jump to line 261,1
BRDA:266,0,jump to line 267,1
BRDA:266,0,jump to line 268,0
BRDA:278,0,jump to line 279,1
BRDA:278,0,jump to line 284,1
BRDA:290,0,jump to line 291,1
BRDA:290,0,jump to line 293,1
BRDA:295,0,jump to line 296,1
BRDA:295,0,jump to line 300,1
BRDA:307,0,jump to line 308,1
BRDA:307,0,jump to line 311,1
BRDA:311,0,jump to line 312,1
BRDA:311,0,jump to line 315,0
BRDA:333,0,jump to line 334,1
BRDA:333,0,jump to line 385,1
BRDA:334,0,jump to line 336,1
BRDA:334,0,jump to line 339,1
BRDA:339,0,jump to line 333,1
BRDA:339,0,jump to line 340,1
BRDA:343,0,jump to line 345,1
BRDA:343,0,jump to line 363,1
BRDA:347,0,jump to line 348,0
BRDA:347,0,jump to line 351,1
BRDA:351,0,jump to line 352,1
BRDA:351,0,jump to line 354,0
BRDA:357,0,jump to line 358,-
BRDA:357,0,jump to line 360,-
BRDA:363,0,jump to line 364,0
BRDA:363,0,jump to line 367,1
BRDA:367,0,jump to line 368,0
BRDA:367,0,jump to line 371,1
BRDA:372,0,jump to line 373,1
BRDA:372,0,jump to line 376,1
BRDA:401,0,jump to line 402,0
BRDA:401,0,jump to line 412,1
BRDA:402,0,jump to line 403,-
BRDA:402,0,jump to line 405,-
BRDA:405,0,jump to line 401,-
BRDA:405,0,jump to line 406,-
BRDA:437,0,jump to line 438,1
BRDA:437,0,jump to the function exit,0
BRDA:512,0,jump to line 513,1
BRDA:512,0,jump to line 515,1
BRDA:519,0,jump to line 520,1
BRDA:519,0,return from function 'dispose',0
BRDA:539,0,jump to line 540,1
BRDA:539,0,jump to line 545,1
BRDA:541,0,jump to line 542,1
BRDA:541,0,jump to line 545,0
BRF:60
BRH:42
end_of_record
SF:src\infrastructure\di\enhanced_container.py
DA:15,1
DA:16,1
DA:17,1
DA:18,1
DA:19,1
DA:20,1
DA:21,1
DA:23,1
DA:25,1
DA:28,1
DA:30,1
DA:31,1
DA:32,1
DA:35,1
DA:36,1
DA:40,1
DA:41,1
DA:42,1
DA:43,1
DA:44,1
DA:47,1
DA:48,1
DA:52,1
DA:53,1
DA:54,1
DA:57,1
DA:73,1
DA:84,1
DA:85,1
DA:87,1
DA:99,0
DA:100,0
DA:101,0
DA:102,0
DA:103,0
DA:104,0
DA:105,0
DA:106,0
DA:107,0
DA:108,0
DA:109,0
DA:112,0
DA:114,1
DA:115,1
DA:117,0
DA:118,0
DA:119,0
DA:120,0
DA:122,1
DA:123,1
DA:125,0
DA:126,0
DA:127,0
DA:128,0
DA:130,1
DA:133,0
DA:135,1
DA:156,0
DA:157,0
DA:159,0
DA:160,0
DA:161,0
DA:168,0
DA:169,0
DA:171,0
DA:172,0
DA:174,1
DA:191,0
DA:193,1
DA:210,0
DA:212,1
DA:229,0
DA:231,1
DA:250,0
DA:251,0
DA:252,0
DA:259,0
DA:260,0
DA:262,0
DA:263,0
DA:265,1
DA:276,0
DA:277,0
DA:279,0
DA:280,0
DA:281,0
DA:283,0
DA:284,0
DA:286,0
DA:287,0
DA:289,0
DA:290,0
DA:293,0
DA:294,0
DA:299,0
DA:302,0
DA:305,0
DA:306,0
DA:307,0
DA:308,0
DA:310,0
DA:312,0
DA:313,0
DA:314,0
DA:315,0
DA:317,0
DA:318,0
DA:320,1
DA:332,0
DA:333,0
DA:334,0
DA:337,0
DA:338,0
DA:339,0
DA:342,0
DA:343,0
DA:344,0
DA:345,0
DA:346,0
DA:347,0
DA:350,0
DA:353,0
DA:354,0
DA:355,0
DA:356,0
DA:358,0
DA:361,0
DA:363,1
DA:375,0
DA:376,0
DA:379,0
DA:381,0
DA:382,0
DA:383,0
DA:384,0
DA:387,0
DA:388,0
DA:389,0
DA:390,0
DA:392,0
DA:393,0
DA:396,0
DA:397,0
DA:398,0
DA:400,0
DA:403,0
DA:405,1
DA:416,0
DA:418,0
DA:419,0
DA:420,0
DA:421,0
DA:422,0
DA:424,0
DA:426,1
DA:436,0
DA:437,0
DA:439,1
DA:449,0
DA:451,0
DA:452,0
DA:453,0
DA:455,0
DA:458,0
DA:459,0
DA:461,0
DA:462,0
DA:464,0
DA:465,0
DA:467,1
DA:477,0
DA:479,1
DA:490,0
DA:492,1
DA:499,0
DA:515,1
DA:517,0
DA:518,0
DA:519,0
DA:520,0
DA:521,0
DA:522,0
DA:523,0
DA:525,1
DA:527,0
DA:529,1
DA:531,0
DA:534,1
DA:537,1
DA:545,0
DA:546,0
DA:547,0
DA:549,1
DA:551,0
DA:552,0
DA:553,0
DA:555,1
DA:557,0
DA:559,0
DA:560,0
DA:561,0
DA:563,1
DA:573,0
DA:574,0
DA:576,0
DA:580,1
DA:583,1
DA:592,0
DA:593,0
DA:595,0
DA:598,1
DA:601,0
DA:602,0
DA:606,1
LF:214
LH:61
FN:61,62,IContainer.register
FNDA:0,IContainer.register
FN:65,66,IContainer.resolve
FNDA:0,IContainer.resolve
FN:69,70,IContainer.isRegistered
FNDA:0,IContainer.isRegistered
FN:87,112,EnhancedDIContainer.__init__
FNDA:0,EnhancedDIContainer.__init__
FN:115,120,EnhancedDIContainer.getInstance
FNDA:0,EnhancedDIContainer.getInstance
FN:123,128,EnhancedDIContainer.resetInstance
FNDA:0,EnhancedDIContainer.resetInstance
FN:130,133,EnhancedDIContainer._registerBuiltInTypes
FNDA:0,EnhancedDIContainer._registerBuiltInTypes
FN:135,172,EnhancedDIContainer.register
FNDA:0,EnhancedDIContainer.register
FN:174,191,EnhancedDIContainer.registerSingleton
FNDA:0,EnhancedDIContainer.registerSingleton
FN:193,210,EnhancedDIContainer.registerTransient
FNDA:0,EnhancedDIContainer.registerTransient
FN:212,229,EnhancedDIContainer.registerScoped
FNDA:0,EnhancedDIContainer.registerScoped
FN:231,263,EnhancedDIContainer.registerFactory
FNDA:0,EnhancedDIContainer.registerFactory
FN:265,318,EnhancedDIContainer.resolve
FNDA:0,EnhancedDIContainer.resolve
FN:320,361,EnhancedDIContainer._resolveInstance
FNDA:0,EnhancedDIContainer._resolveInstance
FN:363,403,EnhancedDIContainer._createInstance
FNDA:0,EnhancedDIContainer._createInstance
FN:405,424,EnhancedDIContainer._resolveDependency
FNDA:0,EnhancedDIContainer._resolveDependency
FN:426,437,EnhancedDIContainer.isRegistered
FNDA:0,EnhancedDIContainer.isRegistered
FN:439,465,EnhancedDIContainer.unregister
FNDA:0,EnhancedDIContainer.unregister
FN:467,477,EnhancedDIContainer.createScope
FNDA:0,EnhancedDIContainer.createScope
FN:479,490,EnhancedDIContainer.resolveAll
FNDA:0,EnhancedDIContainer.resolveAll
FN:492,513,EnhancedDIContainer.getDiagnostics
FNDA:0,EnhancedDIContainer.getDiagnostics
FN:515,523,EnhancedDIContainer.clear
FNDA:0,EnhancedDIContainer.clear
FN:525,527,EnhancedDIContainer._cleanup
FNDA:0,EnhancedDIContainer._cleanup
FN:529,531,EnhancedDIContainer._getKey
FNDA:0,EnhancedDIContainer._getKey
FN:537,547,ScopedContainer.__init__
FNDA:0,ScopedContainer.__init__
FN:549,553,ScopedContainer.__enter__
FNDA:0,ScopedContainer.__enter__
FN:555,561,ScopedContainer.__exit__
FNDA:0,ScopedContainer.__exit__
FN:563,576,ScopedContainer.resolve
FNDA:0,ScopedContainer.resolve
FN:583,595,getContainer
FNDA:0,getContainer
FN:598,602,resetContainer
FNDA:0,resetContainer
FNF:30
FNH:0
BRDA:118,0,jump to line 119,-
BRDA:118,0,jump to line 120,-
BRDA:126,0,jump to line 127,-
BRDA:126,0,jump to line 128,-
BRDA:156,0,jump to line 157,-
BRDA:156,0,jump to line 159,-
BRDA:279,0,jump to line 280,-
BRDA:279,0,jump to line 283,-
BRDA:286,0,jump to line 287,-
BRDA:286,0,jump to line 289,-
BRDA:293,0,jump to line 294,-
BRDA:293,0,jump to line 299,-
BRDA:305,0,jump to line 306,-
BRDA:305,0,jump to line 310,-
BRDA:313,0,jump to line 314,-
BRDA:313,0,jump to line 317,-
BRDA:332,0,jump to line 333,-
BRDA:332,0,jump to line 342,-
BRDA:333,0,jump to line 334,-
BRDA:333,0,jump to line 337,-
BRDA:342,0,jump to line 343,-
BRDA:342,0,jump to line 361,-
BRDA:343,0,jump to line 344,-
BRDA:343,0,jump to line 350,-
BRDA:346,0,jump to line 347,-
BRDA:346,0,jump to line 350,-
BRDA:353,0,jump to line 354,-
BRDA:353,0,jump to line 358,-
BRDA:354,0,jump to line 355,-
BRDA:354,0,jump to line 356,-
BRDA:375,0,jump to line 376,-
BRDA:375,0,jump to line 379,-
BRDA:379,0,jump to line 381,-
BRDA:379,0,jump to line 403,-
BRDA:388,0,jump to line 389,-
BRDA:388,0,jump to line 400,-
BRDA:389,0,jump to line 390,-
BRDA:389,0,jump to line 392,-
BRDA:392,0,jump to line 393,-
BRDA:392,0,jump to line 396,-
BRDA:397,0,jump to line 388,-
BRDA:397,0,jump to line 398,-
BRDA:418,0,jump to line 419,-
BRDA:418,0,jump to line 424,-
BRDA:452,0,jump to line 453,-
BRDA:452,0,jump to line 455,-
BRDA:458,0,jump to line 459,-
BRDA:458,0,jump to line 461,-
BRDA:559,0,jump to line 560,-
BRDA:559,0,jump to line 561,-
BRDA:573,0,jump to line 574,-
BRDA:573,0,jump to line 576,-
BRDA:592,0,jump to line 593,-
BRDA:592,0,jump to line 595,-
BRF:54
BRH:0
end_of_record
SF:src\infrastructure\di\migration_guide.py
DA:14,0
DA:16,0
DA:17,0
DA:18,0
DA:21,0
DA:22,0
DA:23,0
DA:26,0
DA:27,0
DA:28,0
DA:30,0
DA:37,0
DA:39,0
DA:40,0
DA:47,0
DA:48,0
DA:49,0
DA:52,0
DA:53,0
DA:54,0
DA:56,0
DA:63,0
DA:65,0
DA:66,0
DA:73,0
DA:74,0
DA:75,0
DA:77,0
DA:84,0
DA:92,0
DA:98,0
DA:99,0
DA:100,0
DA:102,0
DA:104,0
DA:105,0
DA:108,0
DA:110,0
DA:113,0
DA:114,0
DA:116,0
DA:123,0
DA:130,0
DA:131,0
DA:135,0
DA:138,0
DA:141,0
DA:142,0
DA:143,0
DA:146,0
DA:147,0
DA:149,0
DA:156,0
LF:53
LH:0
FN:14,30,traditional_usage_example
FNDA:0,traditional_usage_example
FN:37,56,di_convenient_usage_example
FNDA:0,di_convenient_usage_example
FN:63,77,di_resolve_usage_example
FNDA:0,di_resolve_usage_example
FN:92,100,NewStyleService.__init__
FNDA:0,NewStyleService.__init__
FN:102,105,NewStyleService.do_work
FNDA:0,NewStyleService.do_work
FN:108,116,di_constructor_injection_example
FNDA:0,di_constructor_injection_example
FN:123,149,hybrid_usage_example
FNDA:0,hybrid_usage_example
FNF:7
FNH:0
BRDA:141,0,jump to line 142,-
BRDA:141,0,jump to line 146,-
BRF:2
BRH:0
end_of_record
SF:src\infrastructure\di\service_registration.py
DA:11,1
DA:12,1
DA:13,1
DA:15,1
DA:17,1
DA:24,1
DA:38,1
DA:52,1
DA:76,1
DA:85,1
DA:150,1
DA:157,1
DA:158,1
DA:160,1
DA:161,1
DA:162,1
DA:163,0
DA:164,0
DA:167,1
DA:174,1
DA:175,1
DA:177,0
DA:178,0
DA:179,0
DA:180,1
DA:181,1
DA:184,1
DA:191,1
DA:192,1
DA:194,1
DA:195,1
DA:196,1
DA:197,0
DA:198,0
DA:201,1
DA:208,1
DA:209,1
DA:211,1
DA:215,1
DA:216,0
DA:217,0
DA:220,1
DA:227,1
DA:228,1
DA:230,1
DA:234,1
DA:235,0
DA:236,0
DA:239,1
DA:246,1
DA:249,1
DA:250,0
DA:251,0
DA:254,1
DA:270,1
DA:274,1
DA:275,1
DA:276,1
DA:277,1
DA:280,1
DA:283,1
DA:286,1
DA:287,1
DA:294,1
DA:306,1
DA:308,1
DA:309,1
DA:310,1
DA:313,1
DA:315,1
DA:317,1
DA:331,1
DA:332,1
LF:73
LH:60
FN:28,30,IConfig.get
FNDA:0,IConfig.get
FN:33,35,IConfig.get_float
FNDA:0,IConfig.get_float
FN:42,44,IScalingManager.calculate_from_screen
FNDA:0,IScalingManager.calculate_from_screen
FN:47,49,IScalingManager.get_scale_factor
FNDA:0,IScalingManager.get_scale_factor
FN:56,58,ILogger.debug
FNDA:0,ILogger.debug
FN:61,63,ILogger.info
FNDA:0,ILogger.info
FN:66,68,ILogger.warning
FNDA:0,ILogger.warning
FN:71,73,ILogger.error
FNDA:0,ILogger.error
FN:80,82,IDatabaseDriverFactory.create_driver
FNDA:0,IDatabaseDriverFactory.create_driver
FN:89,99,ISecurityUtils.encrypt_password
FNDA:0,ISecurityUtils.encrypt_password
FN:102,112,ISecurityUtils.verify_password
FNDA:0,ISecurityUtils.verify_password
FN:115,131,ISecurityUtils.execute_query_safe
FNDA:0,ISecurityUtils.execute_query_safe
FN:134,143,ISecurityUtils.validate_sql_query
FNDA:0,ISecurityUtils.validate_sql_query
FN:150,164,register_config_service
FNDA:1,register_config_service
FN:167,181,register_scaling_manager
FNDA:1,register_scaling_manager
FN:184,198,register_logger_service
FNDA:1,register_logger_service
FN:201,217,register_database_services
FNDA:1,register_database_services
FN:220,236,register_security_service
FNDA:1,register_security_service
FN:239,251,register_presentation_services
FNDA:1,register_presentation_services
FN:254,287,configure_application_services
FNDA:1,configure_application_services
FN:294,310,initialize_container
FNDA:1,initialize_container
FN:317,332,get_service
FNDA:1,get_service
FNF:22
FNH:9
end_of_record
SF:src\infrastructure\exceptions\decorators.py
DA:10,0
DA:11,0
DA:12,0
DA:14,0
DA:17,0
DA:39,0
DA:41,0
DA:42,0
DA:43,0
DA:44,0
DA:45,0
DA:47,0
DA:49,0
DA:51,0
DA:52,0
DA:54,0
DA:56,0
DA:58,0
DA:63,0
DA:65,0
DA:66,0
DA:67,0
DA:68,0
DA:70,0
DA:71,0
DA:73,0
DA:75,0
DA:76,0
DA:79,0
DA:101,0
DA:103,0
DA:104,0
DA:105,0
DA:106,0
DA:107,0
DA:109,0
DA:110,0
DA:111,0
DA:112,0
DA:113,0
DA:115,0
DA:117,0
DA:119,0
DA:124,0
DA:125,0
DA:127,0
DA:129,0
DA:130,0
DA:134,0
LF:49
LH:0
FN:17,76,handleExceptions
FNDA:0,handleExceptions
FN:41,75,handleExceptions.decorator
FNDA:0,handleExceptions.decorator
FN:43,73,handleExceptions.decorator.wrapper
FNDA:0,handleExceptions.decorator.wrapper
FN:79,130,retry
FNDA:0,retry
FN:103,129,retry.decorator
FNDA:0,retry.decorator
FN:105,127,retry.decorator.wrapper
FNDA:0,retry.decorator.wrapper
FNF:6
FNH:0
BRDA:51,0,jump to line 52,-
BRDA:51,0,jump to line 54,-
BRDA:65,0,jump to line 66,-
BRDA:65,0,jump to line 70,-
BRDA:66,0,jump to line 67,-
BRDA:66,0,jump to line 70,-
BRDA:67,0,jump to line 66,-
BRDA:67,0,jump to line 68,-
BRDA:70,0,jump to line 71,-
BRDA:70,0,jump to line 73,-
BRDA:109,0,jump to line 110,-
BRDA:109,0,jump to line 127,-
BRDA:115,0,jump to line 117,-
BRDA:115,0,jump to line 119,-
BRF:14
BRH:0
end_of_record
SF:src\infrastructure\logging\logger.py
DA:8,1
DA:9,1
DA:10,1
DA:11,1
DA:12,1
DA:15,1
DA:16,1
DA:17,1
DA:20,1
DA:25,1
DA:36,1
DA:37,1
DA:39,1
DA:43,0
DA:44,0
DA:45,0
DA:48,0
DA:51,0
DA:52,0
DA:55,0
DA:56,0
DA:57,0
DA:58,0
DA:59,0
DA:60,0
DA:63,0
DA:64,0
DA:67,0
DA:68,0
DA:71,1
DA:76,1
DA:77,1
DA:79,1
DA:83,1
DA:84,1
DA:85,1
DA:86,1
DA:87,1
DA:89,1
DA:93,1
DA:94,1
DA:95,1
DA:96,1
DA:98,1
DA:100,1
DA:105,1
DA:108,1
DA:116,1
DA:119,1
DA:122,1
DA:125,1
DA:128,1
DA:129,1
DA:130,1
DA:133,1
DA:136,1
DA:139,1
DA:141,1
DA:148,1
DA:150,1
DA:154,0
DA:155,0
DA:156,0
DA:159,1
DA:166,1
DA:167,1
DA:170,1
DA:177,0
LF:68
LH:48
FN:25,37,CustomRotatingFileHandler.__init__
FNDA:1,CustomRotatingFileHandler.__init__
FN:39,68,CustomRotatingFileHandler.doRollover
FNDA:0,CustomRotatingFileHandler.doRollover
FN:79,87,LogManager.__new__
FNDA:1,LogManager.__new__
FN:89,98,LogManager._initialize
FNDA:1,LogManager._initialize
FN:100,139,LogManager._setup_logger
FNDA:1,LogManager._setup_logger
FN:141,148,LogManager.get_logger
FNDA:1,LogManager.get_logger
FN:150,156,LogManager.shutdown
FNDA:0,LogManager.shutdown
FN:159,167,setup_logger
FNDA:1,setup_logger
FN:170,177,get_log_manager
FNDA:0,get_log_manager
FNF:9
FNH:6
BRDA:43,0,jump to line 44,-
BRDA:43,0,jump to line 48,-
BRDA:58,0,jump to line 59,-
BRDA:58,0,jump to line 60,-
BRDA:63,0,jump to line 64,-
BRDA:63,0,jump to line 67,-
BRDA:67,0,jump to line 68,-
BRDA:67,0,return from function 'doRollover',-
BRDA:84,0,jump to line 85,1
BRDA:84,0,jump to line 87,0
BRDA:128,0,jump to line 129,1
BRDA:128,0,jump to line 133,1
BRDA:154,0,jump to line 155,-
BRDA:154,0,return from function 'shutdown',-
BRF:14
BRH:3
end_of_record
SF:src\infrastructure\plugins\plugin_manager.py
DA:11,1
DA:12,1
DA:13,1
DA:14,1
DA:15,1
DA:16,1
DA:17,1
DA:19,1
DA:27,1
DA:30,1
DA:31,1
DA:34,1
DA:35,1
DA:36,1
DA:39,1
DA:47,1
DA:48,1
DA:50,1
DA:52,0
DA:53,0
DA:54,0
DA:55,0
DA:56,0
DA:57,0
DA:60,0
DA:62,1
DA:63,1
DA:65,0
DA:66,0
DA:67,0
DA:69,1
DA:72,0
DA:75,0
DA:76,0
DA:77,0
DA:79,0
DA:80,0
DA:82,0
DA:85,0
DA:86,0
DA:91,0
DA:92,0
DA:93,0
DA:94,0
DA:97,0
DA:98,0
DA:99,0
DA:104,0
DA:106,0
DA:108,0
DA:109,0
DA:110,0
DA:112,0
DA:115,0
DA:118,0
DA:119,0
DA:121,0
DA:122,0
DA:124,0
DA:126,0
DA:127,0
DA:129,0
DA:130,0
DA:133,0
DA:136,0
DA:137,0
DA:138,0
DA:145,0
DA:146,0
DA:148,0
DA:149,0
DA:151,0
DA:152,0
DA:154,0
DA:155,0
DA:157,0
DA:158,0
DA:160,0
DA:161,0
DA:163,0
DA:165,0
DA:166,0
DA:167,0
DA:169,0
DA:171,1
DA:178,0
DA:179,0
DA:181,1
DA:188,0
DA:189,0
DA:191,1
DA:198,0
DA:200,1
DA:207,0
DA:208,0
DA:210,0
DA:211,0
DA:212,0
DA:214,0
DA:215,0
DA:216,0
DA:217,0
DA:218,0
DA:220,0
DA:221,0
DA:223,1
DA:233,0
DA:234,0
DA:237,0
DA:238,0
DA:239,0
DA:240,0
DA:246,0
DA:247,0
DA:248,0
DA:249,0
DA:251,0
DA:253,0
DA:254,0
DA:255,0
DA:256,0
DA:259,0
DA:261,0
DA:262,0
DA:264,0
DA:270,0
DA:271,0
DA:272,0
DA:278,0
DA:279,0
DA:284,1
DA:294,0
DA:296,0
DA:297,0
DA:299,0
DA:300,0
DA:301,0
DA:302,0
DA:304,0
DA:306,1
DA:317,0
DA:318,0
DA:319,0
DA:320,0
DA:321,0
DA:323,0
DA:325,1
DA:335,0
DA:336,0
DA:337,0
DA:339,0
DA:342,0
DA:343,0
DA:344,0
DA:345,0
DA:347,0
DA:348,0
DA:349,0
DA:352,0
DA:353,0
DA:354,0
DA:355,0
DA:356,0
DA:357,0
DA:359,0
DA:360,0
DA:362,1
DA:372,0
DA:373,0
DA:375,0
DA:376,0
DA:379,0
DA:380,0
DA:381,0
DA:382,0
DA:383,0
DA:384,0
DA:387,0
DA:388,0
DA:389,0
DA:390,0
DA:391,0
DA:393,1
DA:403,0
DA:404,0
DA:406,0
DA:409,0
DA:410,0
DA:413,0
DA:416,0
DA:417,0
DA:419,0
DA:420,0
DA:422,1
DA:432,0
DA:434,1
DA:444,0
DA:446,1
DA:453,0
DA:455,1
DA:474,0
DA:476,0
DA:477,0
DA:478,0
DA:480,0
DA:482,1
DA:494,0
DA:496,0
DA:497,0
DA:498,0
DA:499,0
DA:500,0
DA:501,0
DA:503,0
DA:505,1
DA:507,0
DA:508,0
DA:509,0
DA:510,0
DA:511,0
DA:513,1
DA:515,0
DA:516,0
DA:517,0
DA:518,0
DA:519,0
DA:521,1
DA:523,0
DA:524,0
DA:525,0
DA:526,0
DA:527,0
DA:529,1
DA:531,0
DA:532,0
DA:533,0
DA:537,1
DA:540,1
DA:549,0
DA:550,0
DA:552,0
DA:556,1
LF:242
LH:43
FN:50,60,PluginManager.__init__
FNDA:0,PluginManager.__init__
FN:63,67,PluginManager.getInstance
FNDA:0,PluginManager.getInstance
FN:69,169,PluginManager._registerDefaultLoaders
FNDA:0,PluginManager._registerDefaultLoaders
FN:75,77,PluginManager._registerDefaultLoaders.PythonModuleLoader.canLoad
FNDA:0,PluginManager._registerDefaultLoaders.PythonModuleLoader.canLoad
FN:79,110,PluginManager._registerDefaultLoaders.PythonModuleLoader.load
FNDA:0,PluginManager._registerDefaultLoaders.PythonModuleLoader.load
FN:118,119,PluginManager._registerDefaultLoaders.ConfigLoader.canLoad
FNDA:0,PluginManager._registerDefaultLoaders.ConfigLoader.canLoad
FN:121,167,PluginManager._registerDefaultLoaders.ConfigLoader.load
FNDA:0,PluginManager._registerDefaultLoaders.ConfigLoader.load
FN:136,143,PluginManager._registerDefaultLoaders.ConfigLoader.load.ConfigBasedPlugin.__init__
FNDA:0,PluginManager._registerDefaultLoaders.ConfigLoader.load.ConfigBasedPlugin.__init__
FN:145,146,PluginManager._registerDefaultLoaders.ConfigLoader.load.ConfigBasedPlugin.getInfo
FNDA:0,PluginManager._registerDefaultLoaders.ConfigLoader.load.ConfigBasedPlugin.getInfo
FN:148,149,PluginManager._registerDefaultLoaders.ConfigLoader.load.ConfigBasedPlugin.initialize
FNDA:0,PluginManager._registerDefaultLoaders.ConfigLoader.load.ConfigBasedPlugin.initialize
FN:151,152,PluginManager._registerDefaultLoaders.ConfigLoader.load.ConfigBasedPlugin.execute
FNDA:0,PluginManager._registerDefaultLoaders.ConfigLoader.load.ConfigBasedPlugin.execute
FN:154,155,PluginManager._registerDefaultLoaders.ConfigLoader.load.ConfigBasedPlugin.shutdown
FNDA:0,PluginManager._registerDefaultLoaders.ConfigLoader.load.ConfigBasedPlugin.shutdown
FN:157,158,PluginManager._registerDefaultLoaders.ConfigLoader.load.ConfigBasedPlugin.getDependencies
FNDA:0,PluginManager._registerDefaultLoaders.ConfigLoader.load.ConfigBasedPlugin.getDependencies
FN:160,161,PluginManager._registerDefaultLoaders.ConfigLoader.load.ConfigBasedPlugin.validateConfig
FNDA:0,PluginManager._registerDefaultLoaders.ConfigLoader.load.ConfigBasedPlugin.validateConfig
FN:171,179,PluginManager.setPluginPath
FNDA:0,PluginManager.setPluginPath
FN:181,189,PluginManager.registerLoader
FNDA:0,PluginManager.registerLoader
FN:191,198,PluginManager.addLifecycleListener
FNDA:0,PluginManager.addLifecycleListener
FN:200,221,PluginManager.discoverPlugins
FNDA:0,PluginManager.discoverPlugins
FN:223,282,PluginManager.loadPlugin
FNDA:0,PluginManager.loadPlugin
FN:284,304,PluginManager.loadAllPlugins
FNDA:0,PluginManager.loadAllPlugins
FN:306,323,PluginManager._sortByDependencies
FNDA:0,PluginManager._sortByDependencies
FN:317,321,PluginManager._sortByDependencies.getDependencyCount
FNDA:0,PluginManager._sortByDependencies.getDependencyCount
FN:325,360,PluginManager.enablePlugin
FNDA:0,PluginManager.enablePlugin
FN:362,391,PluginManager.disablePlugin
FNDA:0,PluginManager.disablePlugin
FN:393,420,PluginManager.unloadPlugin
FNDA:0,PluginManager.unloadPlugin
FN:422,432,PluginManager.getPlugin
FNDA:0,PluginManager.getPlugin
FN:434,444,PluginManager.getPluginInfo
FNDA:0,PluginManager.getPluginInfo
FN:446,453,PluginManager.getAllPlugins
FNDA:0,PluginManager.getAllPlugins
FN:455,480,PluginManager.executePluginAction
FNDA:0,PluginManager.executePluginAction
FN:482,503,PluginManager.executeAllPlugins
FNDA:0,PluginManager.executeAllPlugins
FN:505,511,PluginManager._notifyLoaded
FNDA:0,PluginManager._notifyLoaded
FN:513,519,PluginManager._notifyEnabled
FNDA:0,PluginManager._notifyEnabled
FN:521,527,PluginManager._notifyDisabled
FNDA:0,PluginManager._notifyDisabled
FN:529,533,PluginManager.shutdown
FNDA:0,PluginManager.shutdown
FN:540,552,getPluginManager
FNDA:0,getPluginManager
FNF:35
FNH:0
BRDA:65,0,jump to line 66,-
BRDA:65,0,jump to line 67,-
BRDA:91,0,jump to line 92,-
BRDA:91,0,jump to line 106,-
BRDA:97,0,jump to line 98,-
BRDA:97,0,jump to line 106,-
BRDA:99,0,jump to line 97,-
BRDA:99,0,jump to line 104,-
BRDA:126,0,jump to line 127,-
BRDA:126,0,jump to line 129,-
BRDA:210,0,jump to line 211,-
BRDA:210,0,jump to line 214,-
BRDA:214,0,jump to line 215,-
BRDA:214,0,jump to line 220,-
BRDA:215,0,jump to line 216,-
BRDA:215,0,jump to line 217,-
BRDA:217,0,jump to line 214,-
BRDA:217,0,jump to line 218,-
BRDA:238,0,jump to line 239,-
BRDA:238,0,jump to line 246,-
BRDA:246,0,jump to line 247,-
BRDA:246,0,jump to line 278,-
BRDA:247,0,jump to line 246,-
BRDA:247,0,jump to line 248,-
BRDA:251,0,jump to line 246,-
BRDA:251,0,jump to line 253,-
BRDA:296,0,jump to line 297,-
BRDA:296,0,jump to line 299,-
BRDA:300,0,jump to line 301,-
BRDA:300,0,jump to line 304,-
BRDA:319,0,jump to line 320,-
BRDA:319,0,jump to line 321,-
BRDA:335,0,jump to line 336,-
BRDA:335,0,jump to line 339,-
BRDA:342,0,jump to line 343,-
BRDA:342,0,jump to line 352,-
BRDA:343,0,jump to line 344,-
BRDA:343,0,jump to line 347,-
BRDA:347,0,jump to line 342,-
BRDA:347,0,jump to line 348,-
BRDA:353,0,jump to line 354,-
BRDA:353,0,jump to line 359,-
BRDA:372,0,jump to line 373,-
BRDA:372,0,jump to line 375,-
BRDA:379,0,jump to line 380,-
BRDA:379,0,jump to line 387,-
BRDA:380,0,jump to line 379,-
BRDA:380,0,jump to line 381,-
BRDA:382,0,jump to line 379,-
BRDA:382,0,jump to line 383,-
BRDA:403,0,jump to line 404,-
BRDA:403,0,jump to line 406,-
BRDA:409,0,jump to line 410,-
BRDA:409,0,jump to line 413,-
BRDA:476,0,jump to line 477,-
BRDA:476,0,jump to line 480,-
BRDA:496,0,jump to line 497,-
BRDA:496,0,jump to line 503,-
BRDA:497,0,jump to line 496,-
BRDA:497,0,jump to line 498,-
BRDA:507,0,jump to line 508,-
BRDA:507,0,return from function '_notifyLoaded',-
BRDA:515,0,jump to line 516,-
BRDA:515,0,return from function '_notifyEnabled',-
BRDA:523,0,jump to line 524,-
BRDA:523,0,return from function '_notifyDisabled',-
BRDA:531,0,jump to line 532,-
BRDA:531,0,jump to line 533,-
BRDA:549,0,jump to line 550,-
BRDA:549,0,jump to line 552,-
BRF:70
BRH:0
end_of_record
SF:src\infrastructure\security\security_utils.py
DA:9,1
DA:10,1
DA:11,1
DA:12,1
DA:13,1
DA:14,1
DA:16,1
DA:24,1
DA:25,1
DA:26,1
DA:27,1
DA:28,1
DA:30,1
DA:31,1
DA:32,0
DA:33,0
DA:34,0
DA:35,0
DA:36,1
DA:37,1
DA:41,0
DA:42,0
DA:45,1
DA:52,0
DA:58,1
DA:64,1
DA:65,1
DA:66,1
DA:68,1
DA:69,1
DA:80,1
DA:81,1
DA:83,1
DA:84,1
DA:87,1
DA:88,1
DA:89,0
DA:90,0
DA:92,0
DA:100,0
DA:101,0
DA:104,0
DA:105,1
DA:107,1
DA:108,1
DA:109,0
DA:110,1
DA:111,1
DA:112,1
DA:113,0
DA:114,0
DA:116,0
DA:117,0
DA:118,0
DA:119,0
DA:120,0
DA:122,1
DA:123,1
DA:134,1
DA:135,1
DA:136,0
DA:137,0
DA:139,1
DA:142,1
DA:143,1
DA:145,1
DA:146,0
DA:147,0
DA:148,0
DA:150,1
DA:151,1
DA:162,1
DA:172,1
DA:173,0
DA:174,0
DA:176,1
DA:177,1
DA:179,1
DA:180,1
DA:201,1
DA:202,0
DA:203,0
DA:205,1
DA:206,1
DA:207,1
DA:209,1
DA:210,1
DA:212,0
DA:215,1
DA:218,1
DA:219,1
DA:220,1
DA:222,1
DA:224,0
DA:225,0
DA:226,0
DA:228,1
DA:229,1
DA:231,1
DA:232,1
DA:243,1
DA:248,1
DA:249,1
DA:250,1
DA:251,1
DA:252,1
DA:254,1
DA:256,1
DA:257,1
DA:267,1
DA:268,1
DA:269,1
DA:270,0
DA:272,0
DA:273,0
DA:275,1
DA:276,1
DA:286,1
DA:289,1
DA:290,1
DA:291,1
DA:292,1
DA:294,1
DA:297,1
DA:305,1
DA:311,1
DA:312,1
DA:313,1
DA:314,1
DA:318,1
DA:321,1
DA:329,1
DA:330,1
DA:331,1
DA:333,1
DA:334,1
DA:335,1
DA:336,0
DA:337,0
DA:340,1
LF:140
LH:101
FN:45,55,check_dependencies
FNDA:0,check_dependencies
FN:69,120,SecurityUtils.encrypt_password
FNDA:1,SecurityUtils.encrypt_password
FN:123,148,SecurityUtils.verify_password
FNDA:1,SecurityUtils.verify_password
FN:151,177,SecurityUtils.validate_input
FNDA:1,SecurityUtils.validate_input
FN:180,229,SecurityUtils.execute_query_safe
FNDA:1,SecurityUtils.execute_query_safe
FN:232,254,SecurityUtils.validate_sql_query
FNDA:1,SecurityUtils.validate_sql_query
FN:257,273,SecurityUtils.generate_token
FNDA:1,SecurityUtils.generate_token
FN:276,294,SecurityUtils.secure_config
FNDA:1,SecurityUtils.secure_config
FN:297,314,sanitize_sql_input
FNDA:1,sanitize_sql_input
FN:321,340,get_security_utils
FNDA:1,get_security_utils
FNF:10
FNH:9
BRDA:81,0,jump to line 83,1
BRDA:81,0,jump to line 87,1
BRDA:108,0,jump to line 109,0
BRDA:108,0,jump to line 110,1
BRDA:116,0,jump to line 117,-
BRDA:116,0,jump to line 118,-
BRDA:135,0,jump to line 136,0
BRDA:135,0,jump to line 139,1
BRDA:172,0,jump to line 173,0
BRDA:172,0,jump to line 176,1
BRDA:201,0,jump to line 202,0
BRDA:201,0,jump to line 205,1
BRDA:209,0,jump to line 210,1
BRDA:209,0,jump to line 212,0
BRDA:219,0,jump to line 220,1
BRDA:219,0,jump to line 222,1
BRDA:249,0,jump to line 250,1
BRDA:249,0,jump to line 254,1
BRDA:250,0,jump to line 249,1
BRDA:250,0,jump to line 251,1
BRDA:289,0,jump to line 290,1
BRDA:289,0,jump to line 294,0
BRDA:291,0,jump to line 292,1
BRDA:291,0,jump to line 294,1
BRDA:312,0,jump to line 313,1
BRDA:312,0,jump to line 314,1
BRDA:334,0,jump to line 335,1
BRDA:334,0,jump to line 340,1
BRF:28
BRH:20
end_of_record
SF:src\infrastructure\testing\data_factory.py
DA:11,0
DA:12,0
DA:13,0
DA:14,0
DA:15,0
DA:16,0
DA:19,0
DA:20,0
DA:26,0
DA:27,0
DA:30,0
DA:31,0
DA:37,0
DA:38,0
DA:41,0
DA:42,0
DA:52,0
DA:55,0
DA:57,0
DA:58,0
DA:60,0
DA:62,0
DA:63,0
DA:65,0
DA:66,0
DA:68,0
DA:69,0
DA:71,0
DA:73,0
DA:74,0
DA:76,0
DA:78,0
DA:79,0
DA:81,0
DA:83,0
DA:84,0
DA:86,0
DA:88,0
DA:89,0
DA:91,0
DA:93,0
DA:94,0
DA:96,0
DA:97,0
DA:101,0
DA:102,0
DA:123,0
DA:132,0
DA:133,0
DA:143,0
DA:147,0
DA:148,0
DA:169,0
DA:178,0
DA:179,0
DA:189,0
DA:193,0
DA:194,0
DA:213,0
DA:214,0
DA:216,0
DA:217,0
DA:218,0
DA:219,0
DA:220,0
DA:221,0
DA:222,0
DA:223,0
DA:224,0
DA:225,0
DA:226,0
DA:227,0
DA:229,0
DA:230,0
DA:232,0
DA:241,0
DA:242,0
DA:252,0
DA:256,0
DA:257,0
DA:259,0
DA:261,0
DA:262,0
DA:264,0
DA:266,0
DA:267,0
DA:269,0
DA:273,0
DA:277,0
LF:89
LH:0
FN:58,60,DataFactory.resetIdCounter
FNDA:0,DataFactory.resetIdCounter
FN:63,66,DataFactory.generateId
FNDA:0,DataFactory.generateId
FN:69,71,DataFactory.generateUuid
FNDA:0,DataFactory.generateUuid
FN:74,76,DataFactory.randomString
FNDA:0,DataFactory.randomString
FN:79,81,DataFactory.randomNumber
FNDA:0,DataFactory.randomNumber
FN:84,86,DataFactory.randomFloat
FNDA:0,DataFactory.randomFloat
FN:89,91,DataFactory.randomBool
FNDA:0,DataFactory.randomBool
FN:94,97,DataFactory.randomDate
FNDA:0,DataFactory.randomDate
FN:102,130,DataFactory.createUser
FNDA:0,DataFactory.createUser
FN:133,143,DataFactory.createUserList
FNDA:0,DataFactory.createUserList
FN:148,176,DataFactory.createQueryHistory
FNDA:0,DataFactory.createQueryHistory
FN:179,189,DataFactory.createQueryHistoryList
FNDA:0,DataFactory.createQueryHistoryList
FN:194,239,DataFactory.createDataResult
FNDA:0,DataFactory.createDataResult
FN:242,252,DataFactory.createDataResultList
FNDA:0,DataFactory.createDataResultList
FN:257,259,DataFactory.randomChoice
FNDA:0,DataFactory.randomChoice
FN:262,264,DataFactory.randomEmail
FNDA:0,DataFactory.randomEmail
FN:267,269,DataFactory.randomPhone
FNDA:0,DataFactory.randomPhone
FNF:17
FNH:0
BRDA:217,0,jump to line 218,-
BRDA:217,0,jump to line 232,-
BRDA:219,0,jump to line 220,-
BRDA:219,0,jump to line 230,-
BRDA:220,0,jump to line 221,-
BRDA:220,0,jump to line 222,-
BRDA:222,0,jump to line 223,-
BRDA:222,0,jump to line 224,-
BRDA:224,0,jump to line 225,-
BRDA:224,0,jump to line 226,-
BRDA:226,0,jump to line 227,-
BRDA:226,0,jump to line 229,-
BRF:12
BRH:0
end_of_record
SF:src\infrastructure\testing\fixture_manager.py
DA:11,0
DA:12,0
DA:13,0
DA:16,0
DA:17,0
DA:21,0
DA:22,0
DA:23,0
DA:26,0
DA:29,0
DA:31,0
DA:32,0
DA:34,0
DA:52,0
DA:60,0
DA:70,0
DA:71,0
DA:72,0
DA:74,0
DA:76,0
DA:78,0
DA:80,0
DA:81,0
DA:83,0
DA:91,0
DA:99,0
DA:102,0
DA:104,0
DA:107,0
DA:109,0
DA:112,0
DA:113,0
DA:120,0
DA:127,0
DA:128,0
DA:133,0
DA:140,0
DA:141,0
DA:147,0
DA:154,0
DA:155,0
DA:161,0
DA:168,0
DA:169,0
DA:177,0
DA:185,0
LF:46
LH:0
FN:29,32,FixtureManager.__init__
FNDA:0,FixtureManager.__init__
FN:34,58,FixtureManager.registerFixture
FNDA:0,FixtureManager.registerFixture
FN:60,72,FixtureManager.getFixture
FNDA:0,FixtureManager.getFixture
FN:74,76,FixtureManager.listFixtures
FNDA:0,FixtureManager.listFixtures
FN:78,81,FixtureManager.createPytestFixtures
FNDA:0,FixtureManager.createPytestFixtures
FN:83,95,FixtureManager._createPytestFixture
FNDA:0,FixtureManager._createPytestFixture
FN:102,104,getFixtureManager
FNDA:0,getFixtureManager
FN:107,181,registerTestFixtures
FNDA:0,registerTestFixtures
FN:112,118,registerTestFixtures.dbConnection
FNDA:0,registerTestFixtures.dbConnection
FN:127,131,registerTestFixtures.queryHistory
FNDA:0,registerTestFixtures.queryHistory
FN:140,145,registerTestFixtures.testConfig
FNDA:0,registerTestFixtures.testConfig
FN:154,159,registerTestFixtures.userAuth
FNDA:0,registerTestFixtures.userAuth
FN:168,175,registerTestFixtures.mockData
FNDA:0,registerTestFixtures.mockData
FNF:13
FNH:0
BRDA:70,0,jump to line 71,-
BRDA:70,0,jump to line 72,-
BRDA:80,0,jump to line 81,-
BRDA:80,0,return from function 'createPytestFixtures',-
BRF:4
BRH:0
end_of_record
SF:src\infrastructure\testing\mock_factory.py
DA:11,0
DA:12,0
DA:13,0
DA:21,0
DA:24,0
DA:25,0
DA:39,0
DA:42,0
DA:43,0
DA:44,0
DA:45,0
DA:46,0
DA:47,0
DA:49,0
DA:51,0
DA:52,0
DA:66,0
DA:69,0
DA:70,0
DA:71,0
DA:73,0
DA:75,0
DA:76,0
DA:92,0
DA:94,0
DA:95,0
DA:96,0
DA:97,0
DA:98,0
DA:100,0
DA:102,0
DA:103,0
DA:119,0
DA:121,0
DA:122,0
DA:123,0
DA:125,0
DA:127,0
DA:129,0
DA:130,0
DA:142,0
DA:144,0
DA:145,0
DA:146,0
DA:147,0
DA:149,0
DA:151,0
DA:152,0
DA:166,0
DA:168,0
DA:169,0
DA:170,0
DA:171,0
DA:173,0
DA:175,0
DA:176,0
DA:190,0
DA:193,0
DA:194,0
DA:197,0
DA:201,0
DA:202,0
DA:204,0
DA:205,0
DA:206,0
DA:208,0
DA:210,0
DA:211,0
DA:218,0
DA:220,0
DA:221,0
DA:222,0
DA:223,0
DA:224,0
DA:226,0
DA:228,0
DA:229,0
DA:236,0
DA:238,0
DA:239,0
DA:240,0
DA:241,0
DA:243,0
DA:247,0
LF:84
LH:0
FN:25,49,MockFactory.createMockRepository
FNDA:0,MockFactory.createMockRepository
FN:52,73,MockFactory.createMockQueryRepository
FNDA:0,MockFactory.createMockQueryRepository
FN:76,100,MockFactory.createMockDataService
FNDA:0,MockFactory.createMockDataService
FN:103,127,MockFactory.createMockService
FNDA:0,MockFactory.createMockService
FN:130,149,MockFactory.createMockConfigProvider
FNDA:0,MockFactory.createMockConfigProvider
FN:152,173,MockFactory.createMockDatabaseConnection
FNDA:0,MockFactory.createMockDatabaseConnection
FN:176,208,MockFactory.createMockCursor
FNDA:0,MockFactory.createMockCursor
FN:211,226,MockFactory.createMockLogger
FNDA:0,MockFactory.createMockLogger
FN:229,243,MockFactory.createMockEventBus
FNDA:0,MockFactory.createMockEventBus
FNF:9
FNH:0
BRDA:122,0,jump to line 123,-
BRDA:122,0,jump to line 125,-
BRDA:193,0,jump to line 194,-
BRDA:193,0,jump to line 201,-
BRF:4
BRH:0
end_of_record
SF:src\infrastructure\utils\performance.py
DA:9,0
DA:10,0
DA:11,0
DA:12,0
DA:14,0
DA:16,0
DA:17,0
DA:18,0
DA:19,0
DA:20,0
DA:21,0
DA:22,0
DA:24,0
DA:26,0
DA:27,0
DA:28,0
DA:30,0
DA:32,0
DA:34,0
DA:35,0
DA:36,0
DA:38,0
DA:40,0
DA:42,0
DA:44,0
DA:45,0
DA:46,0
DA:48,0
DA:50,0
DA:51,0
DA:52,0
DA:53,0
DA:54,0
DA:56,0
DA:58,0
DA:60,0
DA:63,0
DA:65,0
DA:67,0
DA:72,0
DA:74,0
DA:75,0
DA:76,0
DA:77,0
DA:78,0
DA:79,0
DA:80,0
DA:82,0
DA:84,0
DA:85,0
DA:86,0
DA:88,0
DA:90,0
DA:91,0
DA:92,0
DA:93,0
DA:94,0
DA:95,0
DA:96,0
DA:97,0
DA:99,0
DA:101,0
DA:102,0
DA:103,0
DA:104,0
DA:105,0
DA:106,0
DA:107,0
DA:109,0
DA:110,0
DA:112,0
DA:114,0
DA:116,0
DA:117,0
DA:118,0
DA:119,0
DA:121,0
DA:123,0
DA:125,0
DA:126,0
DA:127,0
DA:128,0
DA:130,0
DA:132,0
DA:133,0
DA:134,0
DA:136,0
DA:138,0
DA:139,0
DA:140,0
DA:141,0
DA:142,0
DA:145,0
DA:147,0
DA:149,0
DA:151,0
DA:152,0
DA:153,0
DA:154,0
DA:155,0
DA:156,0
DA:158,0
DA:160,0
DA:162,0
DA:164,0
DA:166,0
DA:168,0
DA:169,0
DA:172,0
DA:173,0
DA:176,0
DA:177,0
DA:178,0
DA:179,0
DA:181,0
DA:182,0
DA:184,0
DA:186,0
DA:188,0
DA:189,0
DA:190,0
DA:191,0
DA:192,0
DA:193,0
DA:195,0
DA:197,0
DA:199,0
DA:200,0
DA:201,0
DA:203,0
DA:205,0
DA:206,0
DA:207,0
DA:208,0
DA:209,0
DA:210,0
DA:212,0
DA:214,0
DA:215,0
DA:216,0
DA:218,0
DA:220,0
DA:221,0
DA:222,0
DA:224,0
DA:226,0
DA:228,0
DA:230,0
DA:232,0
DA:234,0
DA:236,0
DA:238,0
DA:239,0
DA:240,0
DA:242,0
DA:244,0
DA:246,0
DA:248,0
DA:255,0
DA:257,0
DA:259,0
LF:161
LH:0
FN:16,22,EventCompressor.__init__
FNDA:0,EventCompressor.__init__
FN:24,28,EventCompressor.add_event
FNDA:0,EventCompressor.add_event
FN:30,36,EventCompressor.process_events
FNDA:0,EventCompressor.process_events
FN:38,40,EventCompressor.handle_events
FNDA:0,EventCompressor.handle_events
FN:44,46,MemoryManager.__init__
FNDA:0,MemoryManager.__init__
FN:48,54,MemoryManager.register_object
FNDA:0,MemoryManager.register_object
FN:56,58,MemoryManager.get_object
FNDA:0,MemoryManager.get_object
FN:60,63,MemoryManager.clear_unused
FNDA:0,MemoryManager.clear_unused
FN:65,70,MemoryManager.get_stats
FNDA:0,MemoryManager.get_stats
FN:74,80,DeferredUpdater.__init__
FNDA:0,DeferredUpdater.__init__
FN:82,86,DeferredUpdater.schedule_update
FNDA:0,DeferredUpdater.schedule_update
FN:88,97,DeferredUpdater.perform_updates
FNDA:0,DeferredUpdater.perform_updates
FN:101,110,FPSMonitor.__init__
FNDA:0,FPSMonitor.__init__
FN:112,119,FPSMonitor.start_monitoring
FNDA:0,FPSMonitor.start_monitoring
FN:121,128,FPSMonitor.stop_monitoring
FNDA:0,FPSMonitor.stop_monitoring
FN:130,134,FPSMonitor.eventFilter
FNDA:0,FPSMonitor.eventFilter
FN:136,142,FPSMonitor.update_fps
FNDA:0,FPSMonitor.update_fps
FN:145,147,FPSMonitor.get_fps
FNDA:0,FPSMonitor.get_fps
FN:151,156,VirtualListModel.__init__
FNDA:0,VirtualListModel.__init__
FN:158,160,VirtualListModel.set_data_provider
FNDA:0,VirtualListModel.set_data_provider
FN:162,164,VirtualListModel.set_total_items
FNDA:0,VirtualListModel.set_total_items
FN:166,184,VirtualListModel.get_item
FNDA:0,VirtualListModel.get_item
FN:186,193,VirtualListModel.get_items
FNDA:0,VirtualListModel.get_items
FN:195,201,VirtualListModel._clean_cache
FNDA:0,VirtualListModel._clean_cache
FN:205,210,PerformanceOptimizer.__init__
FNDA:0,PerformanceOptimizer.__init__
FN:212,216,PerformanceOptimizer.initialize
FNDA:0,PerformanceOptimizer.initialize
FN:218,222,PerformanceOptimizer.shutdown
FNDA:0,PerformanceOptimizer.shutdown
FN:224,226,PerformanceOptimizer.get_memory_manager
FNDA:0,PerformanceOptimizer.get_memory_manager
FN:228,230,PerformanceOptimizer.get_deferred_updater
FNDA:0,PerformanceOptimizer.get_deferred_updater
FN:232,234,PerformanceOptimizer.get_fps_monitor
FNDA:0,PerformanceOptimizer.get_fps_monitor
FN:236,240,PerformanceOptimizer.create_event_compressor
FNDA:0,PerformanceOptimizer.create_event_compressor
FN:242,244,PerformanceOptimizer.get_event_compressor
FNDA:0,PerformanceOptimizer.get_event_compressor
FN:246,252,PerformanceOptimizer.get_performance_stats
FNDA:0,PerformanceOptimizer.get_performance_stats
FN:257,259,get_optimizer
FNDA:0,get_optimizer
FNF:34
FNH:0
BRDA:27,0,jump to line 28,-
BRDA:27,0,return from function 'add_event',-
BRDA:32,0,jump to line 34,-
BRDA:32,0,return from function 'process_events',-
BRDA:50,0,jump to line 51,-
BRDA:50,0,jump to line 53,-
BRDA:85,0,jump to line 86,-
BRDA:85,0,return from function 'schedule_update',-
BRDA:90,0,jump to line 91,-
BRDA:90,0,return from function 'perform_updates',-
BRDA:93,0,jump to line 94,-
BRDA:93,0,return from function 'perform_updates',-
BRDA:117,0,jump to line 118,-
BRDA:117,0,return from function 'start_monitoring',-
BRDA:126,0,jump to line 127,-
BRDA:126,0,return from function 'stop_monitoring',-
BRDA:132,0,jump to line 133,-
BRDA:132,0,jump to line 134,-
BRDA:168,0,jump to line 169,-
BRDA:168,0,jump to line 172,-
BRDA:172,0,jump to line 173,-
BRDA:172,0,jump to line 176,-
BRDA:176,0,jump to line 177,-
BRDA:176,0,jump to line 184,-
BRDA:178,0,jump to line 179,-
BRDA:178,0,jump to line 184,-
BRDA:189,0,jump to line 190,-
BRDA:189,0,jump to line 193,-
BRDA:191,0,jump to line 189,-
BRDA:191,0,jump to line 192,-
BRDA:197,0,jump to line 199,-
BRDA:197,0,return from function '_clean_cache',-
BRDA:200,0,jump to line 201,-
BRDA:200,0,return from function '_clean_cache',-
BRDA:214,0,jump to line 215,-
BRDA:214,0,return from function 'initialize',-
BRDA:220,0,jump to line 221,-
BRDA:220,0,return from function 'shutdown',-
BRF:38
BRH:0
end_of_record
SF:src\infrastructure\utils\scaling_manager.py
DA:11,1
DA:12,1
DA:13,1
DA:15,1
DA:16,0
DA:19,0
DA:20,0
DA:21,0
DA:22,0
DA:23,0
DA:24,0
DA:25,0
DA:27,0
DA:30,0
DA:47,0
DA:48,0
DA:49,0
DA:51,0
DA:53,0
DA:54,0
DA:56,0
DA:57,0
DA:58,0
DA:59,0
DA:61,0
DA:63,0
DA:64,0
DA:66,0
DA:67,0
DA:68,0
DA:69,0
DA:71,0
DA:73,0
DA:83,0
DA:84,0
DA:86,0
DA:87,0
DA:88,0
DA:89,0
DA:91,0
DA:92,0
DA:93,0
DA:94,0
DA:95,0
DA:97,0
DA:98,0
DA:99,0
DA:100,0
DA:103,0
DA:105,0
DA:108,0
DA:109,0
DA:110,0
DA:111,0
DA:114,0
DA:115,0
DA:116,0
DA:117,0
DA:118,0
DA:119,0
DA:120,0
DA:121,0
DA:122,0
DA:123,0
DA:126,0
DA:127,0
DA:129,0
DA:131,0
DA:133,0
DA:144,0
DA:145,0
DA:146,0
DA:147,0
DA:149,0
DA:151,0
DA:161,0
DA:162,0
DA:164,0
DA:174,0
DA:175,0
DA:177,0
DA:178,0
DA:180,0
DA:187,0
DA:189,0
DA:199,0
DA:201,0
DA:208,0
DA:217,0
DA:220,0
DA:228,0
DA:229,0
DA:230,0
DA:233,0
DA:243,0
DA:246,0
DA:256,0
LF:97
LH:4
FN:51,59,ScalingManager.__new__
FNDA:0,ScalingManager.__new__
FN:61,71,ScalingManager.__init__
FNDA:0,ScalingManager.__init__
FN:73,131,ScalingManager.calculate_from_screen
FNDA:0,ScalingManager.calculate_from_screen
FN:133,149,ScalingManager._calculate_scale_default
FNDA:0,ScalingManager._calculate_scale_default
FN:151,162,ScalingManager._get_scale_name_default
FNDA:0,ScalingManager._get_scale_name_default
FN:164,178,ScalingManager.set_scale_factor
FNDA:0,ScalingManager.set_scale_factor
FN:180,187,ScalingManager.get_scale_factor
FNDA:0,ScalingManager.get_scale_factor
FN:189,199,ScalingManager.scale
FNDA:0,ScalingManager.scale
FN:201,213,ScalingManager.get_screen_info
FNDA:0,ScalingManager.get_screen_info
FN:220,230,get_scaling_manager
FNDA:0,get_scaling_manager
FN:233,243,calculate_scale_factor
FNDA:0,calculate_scale_factor
FN:246,256,scale
FNDA:0,scale
FNF:12
FNH:0
BRDA:53,0,jump to line 54,-
BRDA:53,0,jump to line 59,-
BRDA:56,0,jump to line 57,-
BRDA:56,0,jump to line 59,-
BRDA:63,0,jump to line 64,-
BRDA:63,0,jump to line 66,-
BRDA:83,0,jump to line 84,-
BRDA:83,0,jump to line 86,-
BRDA:86,0,jump to line 87,-
BRDA:86,0,jump to line 91,-
BRDA:92,0,jump to line 93,-
BRDA:92,0,jump to line 97,-
BRDA:108,0,jump to line 109,-
BRDA:108,0,jump to line 126,-
BRDA:116,0,jump to line 117,-
BRDA:116,0,jump to line 129,-
BRDA:117,0,jump to line 116,-
BRDA:117,0,jump to line 118,-
BRDA:144,0,jump to line 145,-
BRDA:144,0,jump to line 146,-
BRDA:146,0,jump to line 147,-
BRDA:146,0,jump to line 149,-
BRDA:174,0,jump to line 175,-
BRDA:174,0,jump to line 177,-
BRDA:228,0,jump to line 229,-
BRDA:228,0,jump to line 230,-
BRF:26
BRH:0
end_of_record
SF:src\infrastructure\utils\service_factory.py
DA:17,0
DA:18,0
DA:19,0
DA:21,0
DA:26,0
DA:27,0
DA:28,0
DA:29,0
DA:30,0
DA:31,0
DA:32,0
DA:33,0
DA:34,0
DA:35,0
DA:36,0
DA:37,0
DA:39,0
DA:42,0
DA:45,0
DA:60,0
DA:61,0
DA:62,0
DA:64,0
DA:65,0
DA:72,0
DA:73,0
DA:75,0
DA:76,0
DA:77,0
DA:78,0
DA:80,0
DA:82,0
DA:83,0
DA:86,0
DA:87,0
DA:88,0
DA:91,0
DA:92,0
DA:95,0
DA:96,0
DA:99,0
DA:100,0
DA:101,0
DA:103,0
DA:104,0
DA:106,0
DA:107,0
DA:108,0
DA:110,0
DA:111,0
DA:122,0
DA:124,0
DA:125,0
DA:126,0
DA:127,0
DA:128,0
DA:129,0
DA:130,0
DA:131,0
DA:133,0
DA:137,0
DA:138,0
DA:140,0
DA:142,0
DA:143,0
DA:145,0
DA:147,0
DA:148,0
DA:150,0
DA:152,0
DA:153,0
DA:155,0
DA:157,0
DA:158,0
DA:160,0
DA:162,0
DA:163,0
DA:165,0
DA:167,0
DA:168,0
DA:170,0
DA:172,0
DA:173,0
DA:175,0
DA:177,0
DA:178,0
DA:180,0
DA:182,0
DA:183,0
DA:185,0
DA:187,0
DA:188,0
DA:190,0
DA:192,0
DA:193,0
DA:195,0
DA:199,0
DA:200,0
DA:207,0
DA:209,0
DA:210,0
DA:220,0
DA:221,0
DA:223,0
DA:224,0
DA:230,0
DA:231,0
DA:232,0
DA:237,0
DA:239,0
DA:242,0
DA:244,0
DA:247,0
DA:249,0
DA:252,0
DA:254,0
DA:257,0
DA:259,0
DA:263,0
DA:269,0
LF:120
LH:0
FN:65,108,ServiceFactory.initialize
FNDA:0,ServiceFactory.initialize
FN:111,133,ServiceFactory._get_service_impl
FNDA:0,ServiceFactory._get_service_impl
FN:138,140,ServiceFactory.get_config_manager
FNDA:0,ServiceFactory.get_config_manager
FN:143,145,ServiceFactory.get_container
FNDA:0,ServiceFactory.get_container
FN:148,150,ServiceFactory.get_security_utils
FNDA:0,ServiceFactory.get_security_utils
FN:153,155,ServiceFactory.get_log_manager
FNDA:0,ServiceFactory.get_log_manager
FN:158,160,ServiceFactory.get_ui_config
FNDA:0,ServiceFactory.get_ui_config
FN:163,165,ServiceFactory.get_scaling_manager
FNDA:0,ServiceFactory.get_scaling_manager
FN:168,170,ServiceFactory.get_optimizer
FNDA:0,ServiceFactory.get_optimizer
FN:173,175,ServiceFactory.get_driver_factory
FNDA:0,ServiceFactory.get_driver_factory
FN:178,180,ServiceFactory.get_db_repository
FNDA:0,ServiceFactory.get_db_repository
FN:183,185,ServiceFactory.get_query_history_manager
FNDA:0,ServiceFactory.get_query_history_manager
FN:188,190,ServiceFactory.get_data_service
FNDA:0,ServiceFactory.get_data_service
FN:193,195,ServiceFactory.get_data_analysis_service
FNDA:0,ServiceFactory.get_data_analysis_service
FN:200,207,ServiceFactory.is_initialized
FNDA:0,ServiceFactory.is_initialized
FN:210,221,ServiceFactory.get_service
FNDA:0,ServiceFactory.get_service
FN:224,232,ServiceFactory.reset
FNDA:0,ServiceFactory.reset
FN:237,239,get_config_manager_service
FNDA:0,get_config_manager_service
FN:242,244,get_container_service
FNDA:0,get_container_service
FN:247,249,get_security_service
FNDA:0,get_security_service
FN:252,254,get_log_service
FNDA:0,get_log_service
FN:257,259,get_ui_service
FNDA:0,get_ui_service
FN:263,269,initialize_services
FNDA:0,initialize_services
FNF:23
FNH:0
BRDA:72,0,jump to line 73,-
BRDA:72,0,jump to line 75,-
BRDA:77,0,jump to line 78,-
BRDA:77,0,jump to line 80,-
BRDA:124,0,jump to line 125,-
BRDA:124,0,jump to line 133,-
BRF:6
BRH:0
end_of_record
SF:src\presentation\dialogs\connection_config_dialog.py
DA:9,0
DA:10,0
DA:11,0
DA:12,0
DA:14,0
DA:15,0
DA:21,0
DA:23,0
DA:26,0
DA:31,0
DA:32,0
DA:33,0
DA:34,0
DA:35,0
DA:36,0
DA:37,0
DA:40,0
DA:41,0
DA:42,0
DA:43,0
DA:44,0
DA:47,0
DA:48,0
DA:49,0
DA:50,0
DA:53,0
DA:56,0
DA:59,0
DA:62,0
DA:65,0
DA:68,0
DA:71,0
DA:74,0
DA:75,0
DA:76,0
DA:79,0
DA:81,0
DA:83,0
DA:84,0
DA:85,0
DA:87,0
DA:88,0
DA:90,0
DA:92,0
DA:94,0
DA:95,0
DA:96,0
DA:98,0
DA:99,0
DA:100,0
DA:101,0
DA:102,0
DA:103,0
DA:104,0
DA:105,0
DA:106,0
DA:107,0
DA:109,0
DA:111,0
DA:112,0
DA:113,0
DA:114,0
DA:115,0
DA:117,0
DA:119,0
DA:120,0
DA:121,0
DA:122,0
DA:123,0
DA:124,0
DA:126,0
DA:131,0
DA:132,0
DA:133,0
DA:134,0
DA:137,0
DA:139,0
DA:140,0
DA:141,0
DA:142,0
DA:143,0
DA:144,0
DA:146,0
DA:147,0
DA:150,0
DA:152,0
DA:154,0
DA:159,0
DA:160,0
DA:161,0
DA:162,0
DA:165,0
DA:166,0
DA:167,0
DA:168,0
DA:171,0
DA:172,0
DA:173,0
DA:174,0
DA:177,0
DA:178,0
DA:179,0
DA:180,0
DA:183,0
DA:184,0
DA:185,0
DA:186,0
DA:189,0
DA:190,0
DA:191,0
DA:192,0
DA:193,0
DA:196,0
DA:198,0
DA:200,0
DA:205,0
DA:206,0
DA:207,0
DA:208,0
DA:211,0
DA:212,0
DA:213,0
DA:214,0
DA:217,0
DA:218,0
DA:219,0
DA:220,0
DA:223,0
DA:224,0
DA:225,0
DA:226,0
DA:229,0
DA:230,0
DA:231,0
DA:241,0
DA:242,0
DA:245,0
DA:247,0
DA:249,0
DA:254,0
DA:255,0
DA:256,0
DA:257,0
DA:259,0
DA:261,0
DA:262,0
DA:263,0
DA:265,0
DA:267,0
DA:268,0
DA:269,0
DA:270,0
DA:273,0
DA:275,0
DA:277,0
DA:282,0
DA:283,0
DA:284,0
DA:285,0
DA:288,0
DA:289,0
DA:290,0
[...]
FNDA:0,EnhancedSqlEditor.setup_autocomplete
FN:224,232,EnhancedSqlEditor.insert_completion
FNDA:0,EnhancedSqlEditor.insert_completion
FN:234,259,EnhancedSqlEditor.keyPressEvent
FNDA:0,EnhancedSqlEditor.keyPressEvent
FN:266,271,QueryWorker.__init__
FNDA:0,QueryWorker.__init__
FN:274,282,QueryWorker.run
FNDA:0,QueryWorker.run
FN:288,435,QueryTab.__init__
FNDA:0,QueryTab.__init__
FN:437,441,QueryTab.execute_query
FNDA:0,QueryTab.execute_query
FN:443,447,QueryTab.clear_sql
FNDA:0,QueryTab.clear_sql
FN:449,457,QueryTab.prev_page
FNDA:0,QueryTab.prev_page
FN:459,467,QueryTab.next_page
FNDA:0,QueryTab.next_page
FN:469,488,QueryTab.goto_page
FNDA:0,QueryTab.goto_page
FN:490,506,QueryTab.load_page_data
FNDA:0,QueryTab.load_page_data
FN:508,515,QueryTab.update_pagination
FNDA:0,QueryTab.update_pagination
FN:517,558,QueryTab.display_paged_result
FNDA:0,QueryTab.display_paged_result
FN:560,601,QueryTab.display_result
FNDA:0,QueryTab.display_result
FN:608,728,SqlQueryDialog.__init__
FNDA:0,SqlQueryDialog.__init__
FN:730,745,SqlQueryDialog.create_export_actions
FNDA:0,SqlQueryDialog.create_export_actions
FN:747,754,SqlQueryDialog.create_default_query_tab
FNDA:0,SqlQueryDialog.create_default_query_tab
FN:757,775,SqlQueryDialog.new_query_tab
FNDA:0,SqlQueryDialog.new_query_tab
FN:777,785,SqlQueryDialog.close_tab
FNDA:0,SqlQueryDialog.close_tab
FN:787,794,SqlQueryDialog.on_tab_changed
FNDA:0,SqlQueryDialog.on_tab_changed
FN:796,803,SqlQueryDialog.get_current_tab
FNDA:0,SqlQueryDialog.get_current_tab
FN:805,812,SqlQueryDialog.update_status_bar
FNDA:0,SqlQueryDialog.update_status_bar
FN:814,848,SqlQueryDialog.reconnect_database
FNDA:0,SqlQueryDialog.reconnect_database
FN:850,871,SqlQueryDialog.show_available_tables_in_tab
FNDA:0,SqlQueryDialog.show_available_tables_in_tab
FN:873,909,SqlQueryDialog.load_database_objects_async
FNDA:0,SqlQueryDialog.load_database_objects_async
FN:887,889,SqlQueryDialog.load_database_objects_async.DatabaseObjectLoader.__init__
FNDA:0,SqlQueryDialog.load_database_objects_async.DatabaseObjectLoader.__init__
FN:891,903,SqlQueryDialog.load_database_objects_async.DatabaseObjectLoader.run
FNDA:0,SqlQueryDialog.load_database_objects_async.DatabaseObjectLoader.run
FN:911,962,SqlQueryDialog.on_database_objects_loaded
FNDA:0,SqlQueryDialog.on_database_objects_loaded
FN:964,968,SqlQueryDialog.on_database_objects_error
FNDA:0,SqlQueryDialog.on_database_objects_error
FN:970,1017,SqlQueryDialog.load_database_objects
FNDA:0,SqlQueryDialog.load_database_objects
FN:1019,1046,SqlQueryDialog.on_object_double_clicked
FNDA:0,SqlQueryDialog.on_object_double_clicked
FN:1048,1081,SqlQueryDialog.show_object_context_menu
FNDA:0,SqlQueryDialog.show_object_context_menu
FN:1083,1091,SqlQueryDialog.generate_select_statement
FNDA:0,SqlQueryDialog.generate_select_statement
FN:1093,1103,SqlQueryDialog.generate_describe_statement
FNDA:0,SqlQueryDialog.generate_describe_statement
FN:1105,1157,SqlQueryDialog.execute_query_in_tab
FNDA:0,SqlQueryDialog.execute_query_in_tab
FN:1159,1233,SqlQueryDialog.on_query_finished_in_tab
FNDA:0,SqlQueryDialog.on_query_finished_in_tab
FN:1235,1261,SqlQueryDialog.on_query_error_in_tab
FNDA:0,SqlQueryDialog.on_query_error_in_tab
FN:1263,1280,SqlQueryDialog.show_query_history
FNDA:0,SqlQueryDialog.show_query_history
FN:1282,1288,SqlQueryDialog.show_available_tables
FNDA:0,SqlQueryDialog.show_available_tables
FN:1290,1302,SqlQueryDialog.show_export_menu
FNDA:0,SqlQueryDialog.show_export_menu
FN:1304,1340,SqlQueryDialog.export_data
FNDA:0,SqlQueryDialog.export_data
FN:1342,1361,SqlQueryDialog.export_to_csv
FNDA:0,SqlQueryDialog.export_to_csv
FN:1363,1392,SqlQueryDialog.export_to_excel
FNDA:0,SqlQueryDialog.export_to_excel
FN:1394,1412,SqlQueryDialog.export_to_txt
FNDA:0,SqlQueryDialog.export_to_txt
FNF:53
FNH:0
BRDA:109,0,jump to line 110,-
BRDA:109,0,return from function 'highlight_comments',-
BRDA:121,0,jump to line 122,-
BRDA:121,0,jump to line 127,-
BRDA:129,0,jump to line 130,-
BRDA:129,0,return from function 'highlight_strings',-
BRDA:140,0,jump to line 141,-
BRDA:140,0,return from function 'highlight_numbers',-
BRDA:149,0,jump to line 150,-
BRDA:149,0,return from function 'highlight_keywords',-
BRDA:152,0,jump to line 149,-
BRDA:152,0,jump to line 153,-
BRDA:161,0,jump to line 162,-
BRDA:161,0,return from function 'highlight_functions',-
BRDA:164,0,jump to line 161,-
BRDA:164,0,jump to line 166,-
BRDA:167,0,jump to line 168,-
BRDA:167,0,jump to line 169,-
BRDA:238,0,jump to line 239,-
BRDA:238,0,jump to line 243,-
BRDA:239,0,jump to line 240,-
BRDA:239,0,jump to line 243,-
BRDA:246,0,jump to line 247,-
BRDA:246,0,jump to line 259,-
BRDA:453,0,jump to line 454,-
BRDA:453,0,return from function 'prev_page',-
BRDA:463,0,jump to line 464,-
BRDA:463,0,return from function 'next_page',-
BRDA:475,0,jump to line 476,-
BRDA:475,0,jump to line 482,-
BRDA:494,0,jump to line 495,-
BRDA:494,0,jump to line 498,-
BRDA:521,0,jump to line 522,-
BRDA:521,0,jump to line 526,-
BRDA:543,0,jump to line 544,-
BRDA:543,0,jump to line 555,-
BRDA:544,0,jump to line 543,-
BRDA:544,0,jump to line 545,-
BRDA:548,0,jump to line 549,-
BRDA:548,0,jump to line 551,-
BRDA:569,0,jump to line 570,-
BRDA:569,0,jump to line 575,-
BRDA:585,0,jump to line 586,-
BRDA:585,0,jump to line 598,-
BRDA:586,0,jump to line 585,-
BRDA:586,0,jump to line 587,-
BRDA:591,0,jump to line 592,-
BRDA:591,0,jump to line 594,-
BRDA:709,0,jump to line 710,-
BRDA:709,0,jump to line 715,-
BRDA:766,0,jump to line 767,-
BRDA:766,0,jump to line 770,-
BRDA:781,0,jump to line 782,-
BRDA:781,0,jump to line 785,-
BRDA:791,0,jump to line 792,-
BRDA:791,0,return from function 'on_tab_changed',-
BRDA:793,0,jump to line 794,-
BRDA:793,0,return from function 'on_tab_changed',-
BRDA:801,0,jump to line 802,-
BRDA:801,0,jump to line 803,-
BRDA:809,0,jump to line 810,-
BRDA:809,0,jump to line 811,-
BRDA:811,0,jump to line 812,-
BRDA:811,0,return from function 'update_status_bar',-
BRDA:824,0,jump to line 825,-
BRDA:824,0,jump to line 838,-
BRDA:835,0,jump to line 836,-
BRDA:835,0,return from function 'reconnect_database',-
BRDA:857,0,jump to line 858,-
BRDA:857,0,jump to line 869,-
BRDA:859,0,jump to line 860,-
BRDA:859,0,jump to line 867,-
BRDA:864,0,jump to line 865,-
BRDA:864,0,return from function 'show_available_tables_in_tab',-
BRDA:935,0,jump to line 936,-
BRDA:935,0,jump to line 945,-
BRDA:936,0,jump to line 937,-
BRDA:936,0,jump to line 942,-
BRDA:938,0,jump to line 936,-
BRDA:938,0,jump to line 939,-
BRDA:945,0,jump to line 946,-
BRDA:945,0,jump to line 955,-
BRDA:946,0,jump to line 947,-
BRDA:946,0,jump to line 952,-
BRDA:948,0,jump to line 946,-
BRDA:948,0,jump to line 949,-
BRDA:956,0,jump to line 957,-
BRDA:956,0,jump to line 959,-
BRDA:995,0,jump to line 996,-
BRDA:995,0,jump to line 1005,-
BRDA:996,0,jump to line 997,-
BRDA:996,0,jump to line 1002,-
BRDA:998,0,jump to line 996,-
BRDA:998,0,jump to line 999,-
BRDA:1006,0,jump to line 1007,-
BRDA:1006,0,jump to line 1015,-
BRDA:1007,0,jump to line 1008,-
BRDA:1007,0,jump to line 1013,-
BRDA:1009,0,jump to line 1007,-
BRDA:1009,0,jump to line 1010,-
BRDA:1025,0,jump to line 1026,-
BRDA:1025,0,jump to line 1035,-
BRDA:1032,0,jump to line 1033,-
BRDA:1032,0,return from function 'on_object_double_clicked',-
BRDA:1035,0,jump to line 1036,-
BRDA:1035,0,return from function 'on_object_double_clicked',-
BRDA:1042,0,jump to line 1043,-
BRDA:1042,0,return from function 'on_object_double_clicked',-
BRDA:1054,0,jump to line 1055,-
BRDA:1054,0,jump to line 1057,-
BRDA:1058,0,jump to line 1059,-
BRDA:1058,0,jump to line 1062,-
BRDA:1064,0,jump to line 1066,-
BRDA:1064,0,jump to line 1078,-
BRDA:1078,0,jump to line 1079,-
BRDA:1078,0,return from function 'show_object_context_menu',-
BRDA:1089,0,jump to line 1090,-
BRDA:1089,0,return from function 'generate_select_statement',-
BRDA:1101,0,jump to line 1102,-
BRDA:1101,0,return from function 'generate_describe_statement',-
BRDA:1111,0,jump to line 1112,-
BRDA:1111,0,jump to line 1116,-
BRDA:1116,0,jump to line 1117,-
BRDA:1116,0,jump to line 1123,-
BRDA:1170,0,jump to line 1171,-
BRDA:1170,0,jump to line 1173,-
BRDA:1173,0,jump to line 1174,-
BRDA:1173,0,jump to line 1179,-
BRDA:1193,0,jump to line 1194,-
BRDA:1193,0,jump to line 1208,-
BRDA:1196,0,jump to line 1197,-
BRDA:1196,0,jump to line 1201,-
BRDA:1198,0,jump to line 1199,-
BRDA:1198,0,jump to line 1200,-
BRDA:1246,0,jump to line 1247,-
BRDA:1246,0,jump to line 1249,-
BRDA:1269,0,jump to line 1270,-
BRDA:1269,0,return from function 'show_query_history',-
BRDA:1271,0,jump to line 1273,-
BRDA:1271,0,return from function 'show_query_history',-
BRDA:1274,0,jump to line 1275,-
BRDA:1274,0,return from function 'show_query_history',-
BRDA:1287,0,jump to line 1288,-
BRDA:1287,0,return from function 'show_available_tables',-
BRDA:1295,0,jump to line 1296,-
BRDA:1295,0,jump to line 1300,-
BRDA:1301,0,jump to line 1302,-
BRDA:1301,0,return from function 'show_export_menu',-
BRDA:1309,0,jump to line 1310,-
BRDA:1309,0,jump to line 1313,-
BRDA:1315,0,jump to line 1316,-
BRDA:1315,0,jump to line 1324,-
BRDA:1321,0,jump to line 1322,-
BRDA:1321,0,return from function 'export_data',-
BRDA:1324,0,jump to line 1325,-
BRDA:1324,0,jump to line 1333,-
BRDA:1330,0,jump to line 1331,-
BRDA:1330,0,return from function 'export_data',-
BRDA:1333,0,jump to line 1334,-
BRDA:1333,0,return from function 'export_data',-
BRDA:1339,0,jump to line 1340,-
BRDA:1339,0,return from function 'export_data',-
BRDA:1354,0,jump to line 1355,-
BRDA:1354,0,jump to line 1357,-
BRDA:1377,0,jump to line 1378,-
BRDA:1377,0,jump to line 1380,-
BRDA:1404,0,jump to line 1405,-
BRDA:1404,0,jump to line 1408,-
BRF:168
BRH:0
end_of_record
SF:src\presentation\windows\main_window.py
DA:10,0
DA:11,0
DA:12,0
DA:13,0
DA:16,0
DA:18,0
DA:19,0
DA:20,0
DA:30,0
DA:31,0
DA:32,0
DA:33,0
DA:34,0
DA:36,0
DA:40,0
DA:61,0
DA:64,0
DA:65,0
DA:68,0
DA:77,0
DA:78,0
DA:79,0
DA:81,0
DA:82,0
DA:84,0
DA:85,0
DA:86,0
DA:88,0
DA:89,0
DA:91,0
DA:94,0
DA:95,0
DA:96,0
DA:99,0
DA:100,0
DA:101,0
DA:104,0
DA:105,0
DA:108,0
DA:109,0
DA:110,0
DA:111,0
DA:114,0
DA:121,0
DA:131,0
DA:134,0
DA:135,0
DA:137,0
DA:138,0
DA:139,0
DA:142,0
DA:143,0
DA:146,0
DA:149,0
DA:152,0
DA:155,0
DA:156,0
DA:159,0
DA:162,0
DA:163,0
DA:166,0
DA:167,0
DA:170,0
DA:171,0
DA:172,0
DA:175,0
DA:176,0
DA:179,0
DA:180,0
DA:183,0
DA:184,0
DA:185,0
DA:188,0
DA:191,0
DA:193,0
DA:195,0
DA:196,0
DA:197,0
DA:199,0
DA:200,0
DA:201,0
DA:204,0
DA:205,0
DA:206,0
DA:209,0
DA:210,0
DA:212,0
DA:221,0
DA:222,0
DA:223,0
DA:224,0
DA:225,0
DA:226,0
DA:227,0
DA:229,0
DA:232,0
DA:233,0
DA:234,0
DA:235,0
DA:237,0
DA:239,0
DA:241,0
DA:242,0
DA:244,0
DA:245,0
DA:246,0
DA:249,0
DA:250,0
DA:253,0
DA:254,0
DA:257,0
DA:258,0
DA:259,0
DA:260,0
DA:261,0
DA:262,0
DA:264,0
DA:266,0
DA:268,0
DA:269,0
DA:270,0
DA:272,0
DA:273,0
DA:276,0
DA:277,0
DA:278,0
DA:280,0
DA:283,0
DA:284,0
DA:285,0
DA:286,0
DA:289,0
DA:290,0
DA:291,0
DA:292,0
DA:294,0
DA:296,0
DA:298,0
DA:301,0
DA:302,0
DA:305,0
DA:306,0
DA:310,0
DA:312,0
DA:313,0
DA:314,0
DA:315,0
DA:318,0
DA:319,0
DA:320,0
DA:322,0
DA:323,0
DA:324,0
DA:327,0
DA:328,0
DA:329,0
DA:331,0
DA:338,0
DA:339,0
DA:340,0
DA:342,0
DA:345,0
DA:346,0
DA:348,0
DA:349,0
DA:350,0
DA:351,0
DA:353,0
DA:354,0
DA:355,0
DA:356,0
DA:358,0
DA:359,0
DA:360,0
DA:361,0
DA:363,0
DA:364,0
DA:367,0
DA:368,0
DA:370,0
DA:377,0
DA:378,0
DA:379,0
DA:382,0
DA:383,0
DA:384,0
DA:385,0
DA:386,0
DA:388,0
DA:389,0
DA:392,0
DA:393,0
DA:394,0
DA:395,0
DA:397,0
DA:399,0
DA:401,0
DA:402,0
DA:403,0
DA:404,0
DA:407,0
DA:408,0
DA:409,0
DA:411,0
DA:412,0
DA:413,0
DA:416,0
DA:419,0
DA:420,0
DA:423,0
DA:425,0
DA:426,0
DA:427,0
DA:428,0
DA:430,0
DA:431,0
DA:432,0
DA:433,0
DA:435,0
DA:436,0
DA:437,0
DA:438,0
DA:440,0
DA:441,0
DA:444,0
DA:445,0
DA:446,0
DA:449,0
DA:452,0
DA:453,0
DA:454,0
DA:456,0
DA:457,0
DA:460,0
DA:461,0
DA:464,0
DA:466,0
DA:467,0
DA:468,0
DA:470,0
DA:472,0
DA:473,0
DA:474,0
DA:475,0
DA:477,0
DA:480,0
DA:481,0
DA:482,0
DA:483,0
DA:484,0
DA:485,0
DA:486,0
DA:487,0
DA:488,0
DA:489,0
DA:492,0
DA:493,0
DA:495,0
DA:496,0
DA:499,0
DA:501,0
DA:503,0
DA:505,0
DA:507,0
DA:508,0
DA:509,0
DA:510,0
DA:513,0
DA:514,0
DA:515,0
DA:517,0
DA:518,0
DA:519,0
DA:522,0
DA:523,0
DA:526,0
DA:527,0
DA:529,0
DA:530,0
DA:531,0
DA:532,0
DA:533,0
DA:534,0
DA:537,0
DA:538,0
DA:540,0
DA:541,0
DA:542,0
DA:543,0
DA:544,0
DA:545,0
DA:548,0
DA:549,0
DA:550,0
DA:553,0
DA:554,0
DA:555,0
DA:556,0
DA:559,0
DA:560,0
DA:562,0
DA:563,0
DA:564,0
DA:565,0
DA:566,0
DA:568,0
DA:569,0
DA:572,0
DA:573,0
DA:575,0
DA:581,0
DA:582,0
DA:583,0
DA:584,0
DA:586,0
DA:587,0
DA:588,0
DA:590,0
DA:591,0
DA:592,0
DA:594,0
DA:595,0
DA:596,0
DA:598,0
DA:600,0
DA:601,0
DA:602,0
DA:604,0
DA:605,0
DA:606,0
DA:608,0
DA:610,0
DA:611,0
DA:614,0
DA:615,0
DA:616,0
DA:617,0
DA:619,0
DA:621,0
DA:623,0
DA:624,0
DA:625,0
DA:626,0
DA:629,0
DA:630,0
DA:631,0
DA:633,0
DA:634,0
DA:635,0
DA:638,0
DA:639,0
DA:640,0
DA:642,0
DA:649,0
DA:650,0
DA:651,0
DA:653,0
DA:656,0
DA:657,0
DA:659,0
DA:660,0
DA:661,0
DA:668,0
DA:669,0
DA:671,0
DA:674,0
DA:675,0
DA:678,0
DA:679,0
DA:681,0
DA:688,0
DA:689,0
DA:690,0
DA:692,0
DA:693,0
DA:694,0
DA:696,0
DA:698,0
DA:699,0
DA:700,0
DA:702,0
DA:704,0
DA:706,0
DA:707,0
DA:710,0
DA:711,0
DA:712,0
DA:713,0
DA:715,0
DA:717,0
DA:719,0
DA:720,0
DA:721,0
DA:722,0
DA:725,0
DA:726,0
DA:727,0
DA:729,0
DA:730,0
DA:731,0
DA:734,0
DA:736,0
DA:737,0
DA:738,0
DA:739,0
DA:741,0
DA:743,0
DA:744,0
DA:745,0
DA:746,0
DA:748,0
DA:751,0
DA:752,0
DA:754,0
DA:761,0
DA:762,0
DA:763,0
DA:766,0
DA:767,0
DA:768,0
DA:769,0
DA:770,0
DA:772,0
DA:773,0
DA:776,0
DA:777,0
DA:778,0
DA:779,0
DA:781,0
DA:783,0
DA:785,0
DA:786,0
DA:787,0
DA:788,0
DA:791,0
DA:792,0
DA:793,0
DA:795,0
DA:796,0
DA:797,0
DA:800,0
DA:801,0
DA:804,0
DA:805,0
DA:807,0
DA:808,0
DA:809,0
DA:810,0
DA:812,0
DA:813,0
DA:814,0
DA:816,0
DA:819,0
DA:820,0
DA:822,0
DA:823,0
DA:824,0
DA:825,0
DA:826,0
DA:828,0
DA:829,0
DA:832,0
DA:833,0
DA:836,0
DA:837,0
DA:838,0
DA:839,0
DA:840,0
DA:841,0
DA:843,0
DA:846,0
DA:847,0
DA:848,0
DA:851,0
DA:852,0
DA:854,0
DA:855,0
DA:856,0
DA:857,0
DA:858,0
DA:860,0
DA:861,0
DA:864,0
DA:865,0
DA:867,0
DA:873,0
DA:874,0
DA:876,0
DA:877,0
DA:880,0
DA:881,0
DA:882,0
DA:883,0
DA:885,0
DA:889,0
DA:891,0
DA:892,0
DA:893,0
DA:895,0
DA:896,0
DA:898,0
DA:899,0
DA:900,0
DA:902,0
DA:903,0
DA:904,0
DA:906,0
DA:907,0
DA:908,0
DA:910,0
DA:912,0
DA:914,0
DA:915,0
DA:916,0
DA:918,0
DA:919,0
DA:920,0
DA:922,0
DA:923,0
DA:924,0
DA:926,0
DA:927,0
DA:928,0
DA:930,0
DA:932,0
DA:933,0
DA:934,0
DA:936,0
DA:938,0
DA:940,0
DA:941,0
DA:942,0
DA:945,0
DA:946,0
DA:947,0
DA:949,0
DA:952,0
DA:953,0
DA:954,0
DA:957,0
DA:958,0
DA:959,0
DA:962,0
DA:963,0
DA:964,0
DA:966,0
DA:967,0
DA:969,0
DA:973,0
DA:975,0
DA:976,0
DA:977,0
DA:978,0
DA:981,0
DA:984,0
DA:985,0
DA:986,0
DA:988,0
DA:996,0
DA:997,0
DA:998,0
DA:999,0
DA:1000,0
DA:1002,0
DA:1004,0
DA:1005,0
DA:1006,0
DA:1007,0
DA:1009,0
DA:1011,0
DA:1013,0
DA:1015,0
DA:1017,0
DA:1018,0
DA:1019,0
DA:1021,0
DA:1023,0
DA:1024,0
DA:1025,0
DA:1027,0
DA:1029,0
DA:1030,0
DA:1031,0
DA:1033,0
DA:1035,0
DA:1036,0
DA:1037,0
DA:1039,0
DA:1050,0
DA:1052,0
DA:1054,0
DA:1055,0
DA:1058,0
DA:1061,0
DA:1062,0
DA:1063,0
DA:1066,0
DA:1067,0
DA:1068,0
DA:1071,0
DA:1074,0
DA:1077,0
DA:1078,0
DA:1079,0
DA:1082,0
DA:1083,0
DA:1084,0
DA:1086,0
DA:1088,0
DA:1090,0
DA:1092,0
DA:1094,0
DA:1096,0
DA:1109,0
DA:1111,0
DA:1120,0
DA:1130,0
DA:1132,0
DA:1134,0
DA:1138,0
DA:1140,0
DA:1397,0
DA:1400,0
DA:1402,0
DA:1404,0
DA:1405,0
DA:1407,0
DA:1410,0
DA:1411,0
DA:1413,0
DA:1414,0
DA:1416,0
DA:1417,0
DA:1419,0
LF:634
LH:0
FN:64,89,SQLSyntaxHighlighter.__init__
FNDA:0,SQLSyntaxHighlighter.__init__
FN:91,111,SQLSyntaxHighlighter.highlightBlock
FNDA:0,SQLSyntaxHighlighter.highlightBlock
FN:121,191,ModernMainWindow.__init__
FNDA:0,ModernMainWindow.__init__
FN:193,237,ModernMainWindow._create_sidebar
FNDA:0,ModernMainWindow._create_sidebar
FN:239,264,ModernMainWindow._create_content_area
FNDA:0,ModernMainWindow._create_content_area
FN:266,294,ModernMainWindow._create_header
FNDA:0,ModernMainWindow._create_header
FN:296,306,ModernMainWindow._show_page
FNDA:0,ModernMainWindow._show_page
FN:310,397,ModernMainWindow._create_overview_page
FNDA:0,ModernMainWindow._create_overview_page
FN:399,503,ModernMainWindow._create_sql_query_page
FNDA:0,ModernMainWindow._create_sql_query_page
FN:505,619,ModernMainWindow._create_data_download_page
FNDA:0,ModernMainWindow._create_data_download_page
FN:621,715,ModernMainWindow._create_data_analysis_page
FNDA:0,ModernMainWindow._create_data_analysis_page
FN:717,781,ModernMainWindow._create_history_page
FNDA:0,ModernMainWindow._create_history_page
FN:783,885,ModernMainWindow._create_settings_page
FNDA:0,ModernMainWindow._create_settings_page
FN:889,910,ModernMainWindow._create_stat_card
FNDA:0,ModernMainWindow._create_stat_card
FN:912,936,ModernMainWindow._create_activity_item
FNDA:0,ModernMainWindow._create_activity_item
FN:938,969,ModernMainWindow._create_history_item
FNDA:0,ModernMainWindow._create_history_item
FN:973,1000,ModernMainWindow._execute_query
FNDA:0,ModernMainWindow._execute_query
FN:1002,1007,ModernMainWindow._clear_query
FNDA:0,ModernMainWindow._clear_query
FN:1009,1011,ModernMainWindow._export_query_result
FNDA:0,ModernMainWindow._export_query_result
FN:1013,1019,ModernMainWindow._start_download
FNDA:0,ModernMainWindow._start_download
FN:1021,1025,ModernMainWindow._clear_history
FNDA:0,ModernMainWindow._clear_history
FN:1027,1031,ModernMainWindow._show_connection_config
FNDA:0,ModernMainWindow._show_connection_config
FN:1033,1037,ModernMainWindow._show_log_viewer
FNDA:0,ModernMainWindow._show_log_viewer
FN:1039,1084,ModernMainWindow._update_connection_status
FNDA:0,ModernMainWindow._update_connection_status
FN:1086,1088,ModernMainWindow._test_connection
FNDA:0,ModernMainWindow._test_connection
FN:1090,1092,ModernMainWindow._save_settings
FNDA:0,ModernMainWindow._save_settings
FN:1094,1107,ModernMainWindow._show_help
FNDA:0,ModernMainWindow._show_help
FN:1109,1118,ModernMainWindow._show_about
FNDA:0,ModernMainWindow._show_about
FN:1120,1130,ModernMainWindow.scaled
FNDA:0,ModernMainWindow.scaled
FN:1132,1134,ModernMainWindow._handle_scroll_events
FNDA:0,ModernMainWindow._handle_scroll_events
FN:1138,1393,ModernMainWindow._apply_styles
FNDA:0,ModernMainWindow._apply_styles
FN:1400,1419,main
FNDA:0,main
FNF:32
FNH:0
BRDA:94,0,jump to line 95,-
BRDA:94,0,jump to line 99,-
BRDA:100,0,jump to line 101,-
BRDA:100,0,jump to line 104,-
BRDA:104,0,jump to line 105,-
BRDA:104,0,jump to line 108,-
BRDA:108,0,jump to line 109,-
BRDA:108,0,return from function 'highlightBlock',-
BRDA:110,0,jump to line 108,-
BRDA:110,0,jump to line 111,-
BRDA:221,0,jump to line 222,-
BRDA:221,0,jump to line 229,-
BRDA:301,0,jump to line 302,-
BRDA:301,0,jump to line 305,-
BRDA:338,0,jump to line 339,-
BRDA:338,0,jump to line 342,-
BRDA:377,0,jump to line 378,-
BRDA:377,0,jump to line 388,-
BRDA:382,0,jump to line 377,-
BRDA:382,0,jump to line 383,-
BRDA:492,0,jump to line 493,-
BRDA:492,0,jump to line 495,-
BRDA:581,0,jump to line 582,-
BRDA:581,0,jump to line 610,-
BRDA:649,0,jump to line 650,-
BRDA:649,0,jump to line 653,-
BRDA:688,0,jump to line 689,-
BRDA:688,0,jump to line 704,-
BRDA:761,0,jump to line 762,-
BRDA:761,0,jump to line 772,-
BRDA:766,0,jump to line 761,-
BRDA:766,0,jump to line 767,-
BRDA:963,0,jump to line 964,-
BRDA:963,0,jump to line 966,-
BRDA:976,0,jump to line 977,-
BRDA:976,0,jump to line 981,-
BRDA:996,0,jump to line 997,-
BRDA:996,0,return from function '_execute_query',-
BRDA:997,0,jump to line 998,-
BRDA:997,0,jump to line 1000,-
BRDA:1024,0,jump to line 1025,-
BRDA:1024,0,return from function '_clear_history',-
BRDA:1052,0,jump to line 1054,-
BRDA:1052,0,jump to line 1071,-
BRDA:1061,0,jump to line 1062,-
BRDA:1061,0,jump to line 1066,-
BRDA:1066,0,jump to line 1067,-
BRDA:1066,0,return from function '_update_connection_status',-
BRDA:1077,0,jump to line 1078,-
BRDA:1077,0,jump to line 1082,-
BRDA:1082,0,jump to line 1083,-
BRDA:1082,0,return from function '_update_connection_status',-
BRF:52
BRH:0
end_of_record
